2025-04-17 21:12:49,263 - file_watcher - INFO - 👀 Слежение за neww.json запущено
2025-04-17 21:18:58,366 - file_watcher - INFO - 👀 Слежение за neww.json запущено
2025-04-17 21:21:36,229 - file_watcher - INFO - 👀 Слежение за neww.json запущено
2025-04-17 21:22:12,105 - file_watcher - INFO - 🟢 Обнаружено изменение neww.json
2025-04-17 21:22:12,130 - file_watcher - INFO - ✅ Новость отправлена в RabbitMQ
2025-04-17 21:22:12,132 - file_watcher - INFO - 🟢 Обнаружено изменение neww.json
2025-04-17 21:22:12,134 - file_watcher - WARNING - 🟡 Новость уже отправлялась, пропускаем.
2025-04-17 21:22:24,508 - file_watcher - INFO - 🟢 Обнаружено изменение neww.json
2025-04-17 21:22:24,519 - file_watcher - WARNING - 🟡 Новость уже отправлялась, пропускаем.
2025-04-17 21:22:24,520 - file_watcher - INFO - 🟢 Обнаружено изменение neww.json
2025-04-17 21:22:24,521 - file_watcher - WARNING - 🟡 Новость уже отправлялась, пропускаем.
2025-04-17 21:22:58,795 - file_watcher - INFO - 🟢 Обнаружено изменение neww.json
2025-04-17 21:22:58,822 - file_watcher - INFO - ✅ Новость отправлена в RabbitMQ
2025-04-17 21:22:58,824 - file_watcher - INFO - 🟢 Обнаружено изменение neww.json
2025-04-17 21:22:58,826 - file_watcher - WARNING - 🟡 Новость уже отправлялась, пропускаем.
2025-04-17 21:23:01,710 - file_watcher - INFO - 🟢 Обнаружено изменение neww.json
2025-04-17 21:23:01,718 - file_watcher - WARNING - 🟡 Новость уже отправлялась, пропускаем.
2025-04-17 21:23:01,719 - file_watcher - INFO - 🟢 Обнаружено изменение neww.json
2025-04-17 21:23:01,719 - file_watcher - WARNING - 🟡 Новость уже отправлялась, пропускаем.
2025-04-17 21:25:01,708 - file_watcher - INFO - 👀 Слежение за neww.json запущено
2025-04-17 21:25:52,318 - file_watcher - INFO - 🟢 Обнаружено изменение neww.json
2025-04-17 21:25:52,338 - file_watcher - INFO - ✅ Новость отправлена в RabbitMQ
2025-04-17 21:25:52,340 - file_watcher - INFO - 🟢 Обнаружено изменение neww.json
2025-04-17 21:25:52,342 - file_watcher - WARNING - 🟡 Новость уже отправлялась, пропускаем.
2025-04-17 21:25:55,596 - file_watcher - INFO - 🟢 Обнаружено изменение neww.json
2025-04-17 21:25:55,604 - file_watcher - WARNING - 🟡 Новость уже отправлялась, пропускаем.
2025-04-17 21:25:55,605 - file_watcher - INFO - 🟢 Обнаружено изменение neww.json
2025-04-17 21:25:55,606 - file_watcher - WARNING - 🟡 Новость уже отправлялась, пропускаем.
2025-04-17 21:30:04,979 - file_watcher - INFO - 👀 Слежение за neww.json запущено
2025-04-17 21:31:37,205 - file_watcher - INFO - 👀 Слежение за neww.json запущено
2025-04-17 21:32:34,492 - file_watcher - INFO - 🟢 Обнаружено изменение neww.json
2025-04-17 21:32:34,513 - file_watcher - INFO - ✅ Новость отправлена в RabbitMQ
2025-04-17 21:32:34,514 - file_watcher - INFO - 🟢 Обнаружено изменение neww.json
2025-04-17 21:32:34,515 - file_watcher - WARNING - 🟡 Новость уже отправлялась, пропускаем.
2025-04-17 21:32:39,959 - file_watcher - INFO - 🟢 Обнаружено изменение neww.json
2025-04-17 21:32:39,968 - file_watcher - WARNING - 🟡 Новость уже отправлялась, пропускаем.
2025-04-17 21:32:39,969 - file_watcher - INFO - 🟢 Обнаружено изменение neww.json
2025-04-17 21:32:39,970 - file_watcher - WARNING - 🟡 Новость уже отправлялась, пропускаем.
2025-04-17 21:33:25,966 - file_watcher - INFO - 👀 Слежение за neww.json запущено
2025-04-17 21:33:57,768 - file_watcher - INFO - 🟢 Обнаружено изменение neww.json
2025-04-17 21:33:57,801 - file_watcher - INFO - ✅ Новость отправлена в RabbitMQ
2025-04-17 21:33:57,803 - file_watcher - INFO - 🟢 Обнаружено изменение neww.json
2025-04-17 21:33:57,804 - file_watcher - WARNING - 🟡 Новость уже отправлялась, пропускаем.
2025-04-17 21:37:44,478 - file_watcher - INFO - 👀 Слежение за neww.json запущено
2025-04-17 21:38:23,524 - file_watcher - INFO - 🟢 Обнаружено изменение neww.json
2025-04-17 21:38:23,550 - file_watcher - INFO - ✅ Новость отправлена в RabbitMQ
2025-04-17 21:38:23,552 - file_watcher - INFO - 🟢 Обнаружено изменение neww.json
2025-04-17 21:38:23,554 - file_watcher - WARNING - 🟡 Новость уже отправлялась, пропускаем.
2025-04-17 21:40:09,638 - file_watcher - INFO - 👀 Слежение за neww.json запущено
2025-04-18 00:01:04,964 - file_watcher - INFO - 👀 Слежение за neww.json запущено
2025-04-18 00:01:28,616 - file_watcher - INFO - 🟢 Обнаружено изменение neww.json
2025-04-18 00:01:28,647 - file_watcher - INFO - ✅ Новость отправлена в RabbitMQ
2025-04-18 00:01:28,649 - file_watcher - INFO - 🟢 Обнаружено изменение neww.json
2025-04-18 00:01:28,651 - file_watcher - WARNING - 🟡 Новость уже отправлялась, пропускаем.
2025-04-18 00:01:41,746 - file_watcher - INFO - 🟢 Обнаружено изменение neww.json
2025-04-18 00:01:41,754 - file_watcher - WARNING - 🟡 Новость уже отправлялась, пропускаем.
2025-04-18 00:01:41,755 - file_watcher - INFO - 🟢 Обнаружено изменение neww.json
2025-04-18 00:01:41,756 - file_watcher - WARNING - 🟡 Новость уже отправлялась, пропускаем.
2025-04-18 00:02:27,713 - file_watcher - INFO - 🟢 Обнаружено изменение neww.json
2025-04-18 00:02:27,734 - file_watcher - INFO - ✅ Новость отправлена в RabbitMQ
2025-04-18 00:02:27,736 - file_watcher - INFO - 🟢 Обнаружено изменение neww.json
2025-04-18 00:02:27,737 - file_watcher - WARNING - 🟡 Новость уже отправлялась, пропускаем.
2025-04-18 00:09:45,162 - file_watcher - INFO - 👀 Слежение за neww.json запущено
2025-04-18 00:10:26,812 - file_watcher - INFO - 🟢 Обнаружено изменение neww.json
2025-04-18 00:10:26,861 - file_watcher - INFO - ✅ Новость отправлена в RabbitMQ
2025-04-18 00:10:26,863 - file_watcher - INFO - 🟢 Обнаружено изменение neww.json
2025-04-18 00:10:26,864 - file_watcher - WARNING - 🟡 Повторное событие — пропускаем.
2025-04-18 00:12:55,665 - file_watcher - INFO - 🟢 Обнаружено изменение neww.json
2025-04-18 00:12:55,690 - file_watcher - INFO - ✅ Новость отправлена в RabbitMQ
2025-04-18 00:12:55,692 - file_watcher - INFO - 🟢 Обнаружено изменение neww.json
2025-04-18 00:12:55,693 - file_watcher - WARNING - 🟡 Повторное событие — пропускаем.
2025-04-18 00:16:43,015 - file_watcher - INFO - 🟢 Обнаружено изменение neww.json
2025-04-18 00:16:43,040 - file_watcher - INFO - ✅ Новость отправлена в RabbitMQ
2025-04-18 00:16:43,042 - file_watcher - INFO - 🟢 Обнаружено изменение neww.json
2025-04-18 00:16:43,042 - file_watcher - WARNING - 🟡 Повторное событие — пропускаем.
2025-04-18 00:17:01,604 - file_watcher - INFO - 👀 Слежение за neww.json запущено
2025-04-18 00:18:44,383 - file_watcher - INFO - 🟢 Обнаружено изменение neww.json
2025-04-18 00:18:44,407 - file_watcher - INFO - ✅ Новость отправлена в RabbitMQ
2025-04-18 00:18:44,408 - file_watcher - INFO - 🟢 Обнаружено изменение neww.json
2025-04-18 00:18:44,409 - file_watcher - WARNING - 🟡 Повторное событие — пропускаем.
2025-04-18 00:19:29,606 - file_watcher - INFO - 🟢 Обнаружено изменение neww.json
2025-04-18 00:19:29,638 - file_watcher - INFO - ✅ Новость отправлена в RabbitMQ
2025-04-18 00:19:29,640 - file_watcher - INFO - 🟢 Обнаружено изменение neww.json
2025-04-18 00:19:29,640 - file_watcher - WARNING - 🟡 Повторное событие — пропускаем.
2025-04-18 00:22:55,160 - file_watcher - INFO - 🟢 Обнаружено изменение neww.json
2025-04-18 00:22:55,184 - file_watcher - INFO - ✅ Новость отправлена в RabbitMQ
2025-04-18 00:22:55,186 - file_watcher - INFO - 🟢 Обнаружено изменение neww.json
2025-04-18 00:22:55,187 - file_watcher - WARNING - 🟡 Повторное событие — пропускаем.
2025-04-18 00:23:32,950 - file_watcher - INFO - 👀 Слежение за neww.json запущено
2025-04-18 00:27:22,955 - file_watcher - INFO - 👀 Слежение за neww.json запущено
2025-04-18 00:27:55,424 - file_watcher - INFO - 👀 Слежение за neww.json запущено
2025-04-18 00:28:04,162 - file_watcher - INFO - 👀 Слежение за neww.json запущено
2025-04-18 00:29:02,279 - file_watcher - INFO - 🟢 Обнаружено изменение neww.json
2025-04-18 00:29:02,342 - file_watcher - INFO - ✅ Новость отправлена в RabbitMQ
2025-04-18 00:29:05,500 - file_watcher - INFO - 👀 Слежение за neww.json запущено
2025-04-18 00:31:50,775 - file_watcher - INFO - 🟢 Обнаружено изменение neww.json
2025-04-18 00:31:50,802 - file_watcher - INFO - ✅ Новость отправлена в RabbitMQ
2025-04-18 00:31:50,804 - file_watcher - INFO - 🟢 Обнаружено изменение neww.json
2025-04-18 00:31:50,805 - file_watcher - WARNING - 🟡 Повторное событие — пропускаем.
2025-04-18 00:41:33,646 - file_watcher - INFO - 👀 Слежение за neww.json запущено
2025-04-19 20:06:09,174 - file_watcher - INFO - 👀 Слежение за neww.json запущено
2025-04-19 20:06:09,186 - file_watcher - INFO - 🟢 Обнаружено изменение neww.json
2025-04-19 20:06:09,188 - file_watcher - WARNING - 🟡 Новость уже отправлялась, пропускаем.
2025-04-19 20:06:59,354 - file_watcher - INFO - 🟢 Обнаружено изменение neww.json
2025-04-19 20:06:59,686 - file_watcher - INFO - ✅ Новость отправлена в RabbitMQ
2025-04-19 20:06:59,688 - file_watcher - INFO - 🟢 Обнаружено изменение neww.json
2025-04-19 20:06:59,690 - file_watcher - WARNING - 🟡 Новость уже отправлялась, пропускаем.
2025-04-19 20:10:54,603 - file_watcher - INFO - 👀 Слежение за neww.json запущено
2025-04-19 20:16:37,405 - file_watcher - INFO - 🟢 Обнаружено изменение neww.json
2025-04-19 20:16:37,458 - file_watcher - INFO - ✅ Новость отправлена в RabbitMQ
2025-04-19 20:16:37,460 - file_watcher - INFO - 🟢 Обнаружено изменение neww.json
2025-04-19 20:16:37,462 - file_watcher - WARNING - 🟡 Новость уже отправлялась, пропускаем.
2025-04-19 20:30:48,341 - file_watcher - INFO - 👀 Слежение за neww.json запущено
2025-04-19 20:31:18,910 - file_watcher - INFO - 🟢 Обнаружено изменение neww.json
2025-04-19 20:31:18,965 - file_watcher - INFO - ✅ Новость отправлена в RabbitMQ
2025-04-19 20:31:18,969 - file_watcher - INFO - 🟢 Обнаружено изменение neww.json
2025-04-19 20:31:18,971 - file_watcher - WARNING - 🟡 Новость уже отправлялась, пропускаем.
2025-04-25 14:27:18,715 - file_watcher - INFO - 👀 Слежение за neww.json запущено
2025-04-25 14:27:18,723 - file_watcher - INFO - 🟢 Обнаружено изменение neww.json
2025-04-25 14:27:18,725 - file_watcher - WARNING - 🟡 Новость уже отправлялась, пропускаем.
2025-04-25 14:27:43,633 - file_watcher - INFO - 🟢 Обнаружено изменение neww.json
2025-04-25 14:27:43,661 - file_watcher - INFO - ✅ Новость отправлена в RabbitMQ
2025-04-25 14:27:43,663 - file_watcher - INFO - 🟢 Обнаружено изменение neww.json
2025-04-25 14:27:43,665 - file_watcher - WARNING - 🟡 Новость уже отправлялась, пропускаем.
2025-04-25 14:28:32,037 - file_watcher - INFO - 🟢 Обнаружено изменение neww.json
2025-04-25 14:28:32,062 - file_watcher - INFO - ✅ Новость отправлена в RabbitMQ
2025-04-25 14:28:32,064 - file_watcher - INFO - 🟢 Обнаружено изменение neww.json
2025-04-25 14:28:32,065 - file_watcher - WARNING - 🟡 Новость уже отправлялась, пропускаем.
2025-04-25 14:31:59,010 - file_watcher - INFO - 🟢 Обнаружено изменение neww.json
2025-04-25 14:31:59,052 - file_watcher - INFO - ✅ Новость отправлена в RabbitMQ
2025-04-25 14:31:59,054 - file_watcher - INFO - 🟢 Обнаружено изменение neww.json
2025-04-25 14:31:59,056 - file_watcher - WARNING - 🟡 Новость уже отправлялась, пропускаем.
2025-04-25 14:34:30,563 - file_watcher - INFO - 🟢 Обнаружено изменение neww.json
2025-04-25 14:34:30,585 - file_watcher - INFO - ✅ Новость отправлена в RabbitMQ
2025-04-25 14:34:30,586 - file_watcher - INFO - 🟢 Обнаружено изменение neww.json
2025-04-25 14:34:30,588 - file_watcher - WARNING - 🟡 Новость уже отправлялась, пропускаем.
2025-04-25 14:37:20,667 - file_watcher - INFO - 🟢 Обнаружено изменение neww.json
2025-04-25 14:37:20,694 - file_watcher - INFO - ✅ Новость отправлена в RabbitMQ
2025-04-25 14:37:20,695 - file_watcher - INFO - 🟢 Обнаружено изменение neww.json
2025-04-25 14:37:20,696 - file_watcher - WARNING - 🟡 Новость уже отправлялась, пропускаем.
2025-04-25 14:38:02,380 - file_watcher - INFO - 🟢 Обнаружено изменение neww.json
2025-04-25 14:38:02,402 - file_watcher - INFO - ✅ Новость отправлена в RabbitMQ
2025-04-25 14:38:02,404 - file_watcher - INFO - 🟢 Обнаружено изменение neww.json
2025-04-25 14:38:02,405 - file_watcher - WARNING - 🟡 Новость уже отправлялась, пропускаем.
2025-04-25 14:40:48,853 - file_watcher - INFO - 🟢 Обнаружено изменение neww.json
2025-04-25 14:40:48,879 - file_watcher - INFO - ✅ Новость отправлена в RabbitMQ
2025-04-25 14:40:48,880 - file_watcher - INFO - 🟢 Обнаружено изменение neww.json
2025-04-25 14:40:48,882 - file_watcher - WARNING - 🟡 Новость уже отправлялась, пропускаем.
2025-04-25 14:43:37,108 - file_watcher - INFO - 🟢 Обнаружено изменение neww.json
2025-04-25 14:43:37,136 - file_watcher - INFO - ✅ Новость отправлена в RabbitMQ
2025-04-25 14:43:37,137 - file_watcher - INFO - 🟢 Обнаружено изменение neww.json
2025-04-25 14:43:37,139 - file_watcher - WARNING - 🟡 Новость уже отправлялась, пропускаем.
2025-04-25 14:50:11,608 - file_watcher - INFO - 🟢 Обнаружено изменение neww.json
2025-04-25 14:50:11,631 - file_watcher - INFO - ✅ Новость отправлена в RabbitMQ
2025-04-25 14:50:11,632 - file_watcher - INFO - 🟢 Обнаружено изменение neww.json
2025-04-25 14:50:11,633 - file_watcher - WARNING - 🟡 Новость уже отправлялась, пропускаем.
2025-04-25 14:53:37,278 - file_watcher - INFO - 🟢 Обнаружено изменение neww.json
2025-04-25 14:53:37,304 - file_watcher - INFO - ✅ Новость отправлена в RabbitMQ
2025-04-25 14:53:37,306 - file_watcher - INFO - 🟢 Обнаружено изменение neww.json
2025-04-25 14:53:37,307 - file_watcher - WARNING - 🟡 Новость уже отправлялась, пропускаем.
2025-04-25 14:57:04,005 - file_watcher - INFO - 🟢 Обнаружено изменение neww.json
2025-04-25 14:57:04,030 - file_watcher - INFO - ✅ Новость отправлена в RabbitMQ
2025-04-25 14:57:04,031 - file_watcher - INFO - 🟢 Обнаружено изменение neww.json
2025-04-25 14:57:04,033 - file_watcher - WARNING - 🟡 Новость уже отправлялась, пропускаем.
2025-04-25 15:02:35,312 - file_watcher - INFO - 🟢 Обнаружено изменение neww.json
2025-04-25 15:02:35,337 - file_watcher - INFO - ✅ Новость отправлена в RabbitMQ
2025-04-25 15:02:35,339 - file_watcher - INFO - 🟢 Обнаружено изменение neww.json
2025-04-25 15:02:35,341 - file_watcher - WARNING - 🟡 Новость уже отправлялась, пропускаем.
2025-04-25 15:04:27,983 - file_watcher - INFO - 🟢 Обнаружено изменение neww.json
2025-04-25 15:04:28,010 - file_watcher - INFO - ✅ Новость отправлена в RabbitMQ
2025-04-25 15:04:28,012 - file_watcher - INFO - 🟢 Обнаружено изменение neww.json
2025-04-25 15:04:28,013 - file_watcher - WARNING - 🟡 Новость уже отправлялась, пропускаем.
2025-04-25 15:05:06,076 - file_watcher - INFO - 👀 Слежение за neww.json запущено
2025-04-25 15:06:20,524 - file_watcher - INFO - 🟢 Обнаружено изменение neww.json
2025-04-25 15:06:20,543 - file_watcher - INFO - ✅ Новость отправлена в RabbitMQ
2025-04-25 15:06:20,544 - file_watcher - INFO - 🟢 Обнаружено изменение neww.json
2025-04-25 15:06:20,545 - file_watcher - WARNING - 🟡 Новость уже отправлялась, пропускаем.
2025-04-25 15:09:19,555 - file_watcher - INFO - 🟢 Обнаружено изменение neww.json
2025-04-25 15:09:19,581 - file_watcher - INFO - ✅ Новость отправлена в RabbitMQ
2025-04-25 15:09:19,582 - file_watcher - INFO - 🟢 Обнаружено изменение neww.json
2025-04-25 15:09:19,584 - file_watcher - WARNING - 🟡 Новость уже отправлялась, пропускаем.
2025-04-25 15:10:15,692 - file_watcher - INFO - 🟢 Обнаружено изменение neww.json
2025-04-25 15:10:15,725 - file_watcher - INFO - ✅ Новость отправлена в RabbitMQ
2025-04-25 15:10:15,726 - file_watcher - INFO - 🟢 Обнаружено изменение neww.json
2025-04-25 15:10:15,728 - file_watcher - WARNING - 🟡 Новость уже отправлялась, пропускаем.
2025-04-25 15:13:20,862 - file_watcher - INFO - 🟢 Обнаружено изменение neww.json
2025-04-25 15:13:20,884 - file_watcher - INFO - ✅ Новость отправлена в RabbitMQ
2025-04-25 15:13:20,885 - file_watcher - INFO - 🟢 Обнаружено изменение neww.json
2025-04-25 15:13:20,887 - file_watcher - WARNING - 🟡 Новость уже отправлялась, пропускаем.
2025-04-25 15:14:15,571 - file_watcher - INFO - 🟢 Обнаружено изменение neww.json
2025-04-25 15:14:15,593 - file_watcher - INFO - ✅ Новость отправлена в RabbitMQ
2025-04-25 15:14:15,595 - file_watcher - INFO - 🟢 Обнаружено изменение neww.json
2025-04-25 15:14:15,597 - file_watcher - WARNING - 🟡 Новость уже отправлялась, пропускаем.
2025-04-25 15:15:16,362 - file_watcher - INFO - 🟢 Обнаружено изменение neww.json
2025-04-25 15:15:16,381 - file_watcher - INFO - ✅ Новость отправлена в RabbitMQ
2025-04-25 15:15:16,382 - file_watcher - INFO - 🟢 Обнаружено изменение neww.json
2025-04-25 15:15:16,383 - file_watcher - WARNING - 🟡 Новость уже отправлялась, пропускаем.
2025-04-25 15:16:28,866 - file_watcher - INFO - 🟢 Обнаружено изменение neww.json
2025-04-25 15:16:28,886 - file_watcher - INFO - ✅ Новость отправлена в RabbitMQ
2025-04-25 15:16:28,887 - file_watcher - INFO - 🟢 Обнаружено изменение neww.json
2025-04-25 15:16:28,889 - file_watcher - WARNING - 🟡 Новость уже отправлялась, пропускаем.
2025-04-25 15:17:52,143 - file_watcher - INFO - 🟢 Обнаружено изменение neww.json
2025-04-25 15:17:52,164 - file_watcher - INFO - ✅ Новость отправлена в RabbitMQ
2025-04-25 15:17:52,165 - file_watcher - INFO - 🟢 Обнаружено изменение neww.json
2025-04-25 15:17:52,166 - file_watcher - WARNING - 🟡 Новость уже отправлялась, пропускаем.
2025-04-25 15:21:39,035 - file_watcher - INFO - 🟢 Обнаружено изменение neww.json
2025-04-25 15:21:39,062 - file_watcher - INFO - ✅ Новость отправлена в RabbitMQ
2025-04-25 15:21:39,063 - file_watcher - INFO - 🟢 Обнаружено изменение neww.json
2025-04-25 15:21:39,064 - file_watcher - WARNING - 🟡 Новость уже отправлялась, пропускаем.
2025-04-25 15:25:01,145 - file_watcher - INFO - 🟢 Обнаружено изменение neww.json
2025-04-25 15:25:01,197 - file_watcher - INFO - ✅ Новость отправлена в RabbitMQ
2025-04-25 15:25:01,198 - file_watcher - INFO - 🟢 Обнаружено изменение neww.json
2025-04-25 15:25:01,200 - file_watcher - WARNING - 🟡 Новость уже отправлялась, пропускаем.
2025-04-25 15:27:53,853 - file_watcher - INFO - 🟢 Обнаружено изменение neww.json
2025-04-25 15:27:53,873 - file_watcher - INFO - ✅ Новость отправлена в RabbitMQ
2025-04-25 15:27:53,874 - file_watcher - INFO - 🟢 Обнаружено изменение neww.json
2025-04-25 15:27:53,875 - file_watcher - WARNING - 🟡 Новость уже отправлялась, пропускаем.
2025-04-25 15:28:17,827 - file_watcher - INFO - 👀 Слежение за neww.json запущено
2025-04-25 15:30:50,382 - file_watcher - INFO - 🟢 Обнаружено изменение neww.json
2025-04-25 15:30:50,413 - file_watcher - INFO - ✅ Новость отправлена в RabbitMQ
2025-04-25 15:30:50,414 - file_watcher - INFO - 🟢 Обнаружено изменение neww.json
2025-04-25 15:30:50,416 - file_watcher - WARNING - 🟡 Новость уже отправлялась, пропускаем.
2025-04-25 15:34:05,447 - file_watcher - INFO - 🟢 Обнаружено изменение neww.json
2025-04-25 15:34:05,471 - file_watcher - INFO - ✅ Новость отправлена в RabbitMQ
2025-04-25 15:34:05,472 - file_watcher - INFO - 🟢 Обнаружено изменение neww.json
2025-04-25 15:34:05,473 - file_watcher - WARNING - 🟡 Новость уже отправлялась, пропускаем.
2025-04-25 15:37:44,483 - file_watcher - INFO - 🟢 Обнаружено изменение neww.json
2025-04-25 15:37:44,501 - file_watcher - INFO - ✅ Новость отправлена в RabbitMQ
2025-04-25 15:37:44,502 - file_watcher - INFO - 🟢 Обнаружено изменение neww.json
2025-04-25 15:37:44,504 - file_watcher - WARNING - 🟡 Новость уже отправлялась, пропускаем.
2025-04-25 15:40:23,201 - file_watcher - INFO - 🟢 Обнаружено изменение neww.json
2025-04-25 15:40:23,220 - file_watcher - INFO - ✅ Новость отправлена в RabbitMQ
2025-04-25 15:40:23,221 - file_watcher - INFO - 🟢 Обнаружено изменение neww.json
2025-04-25 15:40:23,223 - file_watcher - WARNING - 🟡 Новость уже отправлялась, пропускаем.
2025-04-25 15:40:50,520 - file_watcher - INFO - 👀 Слежение за neww.json запущено
2025-04-25 15:42:12,136 - file_watcher - INFO - 👀 Слежение за neww.json запущено
2025-04-25 15:47:15,011 - file_watcher - INFO - 👀 Слежение за neww.json запущено
2025-04-25 15:47:51,518 - file_watcher - INFO - 👀 Слежение за neww.json запущено
2025-04-25 16:18:31,698 - file_watcher - INFO - 👀 Слежение за neww.json запущено
2025-04-25 16:25:21,140 - file_watcher - INFO - 👀 Слежение за neww.json запущено
2025-04-25 16:30:02,729 - file_watcher - INFO - 👀 Слежение за neww.json запущено
2025-04-25 16:30:41,096 - file_watcher - INFO - 🟢 Обнаружено изменение neww.json
2025-04-25 16:30:41,112 - file_watcher - WARNING - 🟡 Новость уже отправлялась, пропускаем.
2025-04-25 16:30:41,113 - file_watcher - INFO - 🟢 Обнаружено изменение neww.json
2025-04-25 16:30:41,113 - file_watcher - WARNING - 🟡 Новость уже отправлялась, пропускаем.
2025-04-25 16:32:40,382 - file_watcher - INFO - 👀 Слежение за neww.json запущено
2025-04-25 16:33:11,942 - file_watcher - INFO - 🟢 Обнаружено изменение neww.json
2025-04-25 16:33:11,953 - file_watcher - WARNING - 🟡 Новость уже отправлялась, пропускаем.
2025-04-25 16:33:11,953 - file_watcher - INFO - 🟢 Обнаружено изменение neww.json
2025-04-25 16:33:11,954 - file_watcher - WARNING - 🟡 Новость уже отправлялась, пропускаем.
2025-04-25 16:35:24,429 - file_watcher - INFO - 👀 Слежение за neww.json запущено
2025-04-25 16:35:47,182 - file_watcher - INFO - 🟢 Обнаружено изменение neww.json
2025-04-25 16:35:47,190 - file_watcher - WARNING - 🟡 Новость уже отправлялась, пропускаем.
2025-04-25 16:35:47,191 - file_watcher - INFO - 🟢 Обнаружено изменение neww.json
2025-04-25 16:35:47,192 - file_watcher - WARNING - 🟡 Новость уже отправлялась, пропускаем.
2025-04-25 16:36:34,979 - file_watcher - INFO - 🟢 Обнаружено изменение neww.json
2025-04-25 16:36:34,987 - file_watcher - WARNING - 🟡 Новость уже отправлялась, пропускаем.
2025-04-25 16:36:34,989 - file_watcher - INFO - 🟢 Обнаружено изменение neww.json
2025-04-25 16:36:34,989 - file_watcher - WARNING - 🟡 Новость уже отправлялась, пропускаем.
2025-04-25 16:39:25,625 - file_watcher - INFO - 🟢 Обнаружено изменение neww.json
2025-04-25 16:39:25,636 - file_watcher - WARNING - 🟡 Новость уже отправлялась, пропускаем.
2025-04-25 16:39:25,637 - file_watcher - INFO - 🟢 Обнаружено изменение neww.json
2025-04-25 16:39:25,637 - file_watcher - WARNING - 🟡 Новость уже отправлялась, пропускаем.
2025-04-25 18:43:51,117 - file_watcher - INFO - 👀 Слежение за neww.json запущено
2025-04-25 18:44:44,437 - file_watcher - INFO - 🟢 Обнаружено изменение neww.json
2025-04-25 18:44:44,465 - file_watcher - INFO - ✅ Новость отправлена в RabbitMQ
2025-04-25 18:44:44,467 - file_watcher - INFO - 🟢 Обнаружено изменение neww.json
2025-04-25 18:44:44,469 - file_watcher - WARNING - 🟡 Новость уже отправлялась, пропускаем.
2025-04-25 19:22:04,451 - file_watcher - INFO - 👀 Слежение за neww.json запущено
2025-04-25 19:22:31,971 - file_watcher - INFO - 🟢 Обнаружено изменение neww.json
2025-04-25 19:22:31,988 - file_watcher - WARNING - 🟡 Новость уже отправлялась, пропускаем.
2025-04-25 19:22:31,991 - file_watcher - INFO - 🟢 Обнаружено изменение neww.json
2025-04-25 19:22:31,991 - file_watcher - WARNING - 🟡 Новость уже отправлялась, пропускаем.
2025-04-25 19:24:42,574 - file_watcher - INFO - 👀 Слежение за neww.json запущено
2025-04-25 19:26:11,419 - file_watcher - INFO - 👀 Слежение за neww.json запущено
2025-04-25 19:26:33,389 - file_watcher - INFO - 🟢 Обнаружено изменение neww.json
2025-04-25 19:26:33,389 - file_watcher - INFO - 🟢 Обнаружено изменение neww.json
2025-04-25 19:26:33,399 - file_watcher - WARNING - 🟡 Новость уже отправлялась, пропускаем.
2025-04-25 19:26:33,399 - file_watcher - WARNING - 🟡 Новость уже отправлялась, пропускаем.
2025-04-25 19:26:33,400 - file_watcher - INFO - 🟢 Обнаружено изменение neww.json
2025-04-25 19:26:33,400 - file_watcher - INFO - 🟢 Обнаружено изменение neww.json
2025-04-25 19:26:33,401 - file_watcher - WARNING - 🟡 Новость уже отправлялась, пропускаем.
2025-04-25 19:26:33,401 - file_watcher - WARNING - 🟡 Новость уже отправлялась, пропускаем.
2025-04-25 19:26:56,294 - file_watcher - INFO - 🟢 Обнаружено изменение neww.json
2025-04-25 19:26:56,294 - file_watcher - INFO - 🟢 Обнаружено изменение neww.json
2025-04-25 19:26:56,306 - file_watcher - WARNING - 🟡 Новость уже отправлялась, пропускаем.
2025-04-25 19:26:56,306 - file_watcher - WARNING - 🟡 Новость уже отправлялась, пропускаем.
2025-04-25 19:26:56,307 - file_watcher - INFO - 🟢 Обнаружено изменение neww.json
2025-04-25 19:26:56,307 - file_watcher - INFO - 🟢 Обнаружено изменение neww.json
2025-04-25 19:26:56,308 - file_watcher - WARNING - 🟡 Новость уже отправлялась, пропускаем.
2025-04-25 19:26:56,308 - file_watcher - WARNING - 🟡 Новость уже отправлялась, пропускаем.
2025-04-25 19:28:06,658 - file_watcher - INFO - 🟢 Обнаружено изменение neww.json
2025-04-25 19:28:06,667 - file_watcher - WARNING - 🟡 Новость уже отправлялась, пропускаем.
2025-04-25 19:28:06,668 - file_watcher - INFO - 🟢 Обнаружено изменение neww.json
2025-04-25 19:28:06,669 - file_watcher - WARNING - 🟡 Новость уже отправлялась, пропускаем.
2025-04-25 19:31:52,806 - file_watcher - INFO - 🟢 Обнаружено изменение neww.json
2025-04-25 19:35:26,828 - file_watcher - INFO - 👀 Слежение за neww.json запущено
2025-04-25 19:35:48,422 - file_watcher - INFO - 🟢 Обнаружено изменение neww.json
2025-04-25 19:35:48,442 - file_watcher - INFO - ✅ Новость отправлена в RabbitMQ
2025-04-25 19:35:48,443 - file_watcher - INFO - 🟢 Обнаружено изменение neww.json
2025-04-25 19:35:48,444 - file_watcher - WARNING - 🟡 Новость уже отправлялась, пропускаем.
2025-04-25 19:37:07,623 - file_watcher - INFO - 🟢 Обнаружено изменение neww.json
2025-04-25 19:37:07,663 - file_watcher - INFO - ✅ Новость отправлена в RabbitMQ
2025-04-25 19:37:07,664 - file_watcher - INFO - 🟢 Обнаружено изменение neww.json
2025-04-25 19:37:07,665 - file_watcher - WARNING - 🟡 Новость уже отправлялась, пропускаем.
2025-04-25 19:40:29,689 - file_watcher - INFO - 🟢 Обнаружено изменение neww.json
2025-04-25 19:40:29,712 - file_watcher - INFO - ✅ Новость отправлена в RabbitMQ
2025-04-25 19:40:29,713 - file_watcher - INFO - 🟢 Обнаружено изменение neww.json
2025-04-25 19:40:29,714 - file_watcher - WARNING - 🟡 Новость уже отправлялась, пропускаем.
2025-04-25 19:42:15,554 - file_watcher - INFO - 🟢 Обнаружено изменение neww.json
2025-04-25 19:42:15,578 - file_watcher - INFO - ✅ Новость отправлена в RabbitMQ
2025-04-25 19:42:15,580 - file_watcher - INFO - 🟢 Обнаружено изменение neww.json
2025-04-25 19:42:15,581 - file_watcher - WARNING - 🟡 Новость уже отправлялась, пропускаем.
2025-04-25 19:43:28,649 - file_watcher - INFO - 🟢 Обнаружено изменение neww.json
2025-04-25 19:43:28,669 - file_watcher - INFO - ✅ Новость отправлена в RabbitMQ
2025-04-25 19:44:33,916 - file_watcher - INFO - 👀 Слежение за neww.json запущено
2025-04-25 19:46:03,145 - file_watcher - INFO - 🟢 Обнаружено изменение neww.json
2025-04-25 19:46:03,164 - file_watcher - INFO - ✅ Новость отправлена в RabbitMQ
2025-04-25 19:46:03,166 - file_watcher - INFO - 🟢 Обнаружено изменение neww.json
2025-04-25 19:46:03,167 - file_watcher - WARNING - 🟡 Новость уже отправлялась, пропускаем.
2025-04-25 19:48:01,396 - file_watcher - INFO - 👀 Слежение за neww.json запущено
2025-04-25 19:48:11,366 - file_watcher - INFO - 👀 Слежение за neww.json запущено
2025-04-25 19:48:35,390 - file_watcher - INFO - 👀 Слежение за neww.json запущено
2025-04-25 20:34:50,801 - file_watcher - INFO - 👀 Слежение за neww.json запущено
2025-04-25 20:35:23,984 - file_watcher - INFO - 🟢 Обнаружено изменение neww.json
2025-04-25 20:35:24,023 - file_watcher - INFO - ✅ Новость отправлена в RabbitMQ
2025-04-25 20:35:24,026 - file_watcher - INFO - 🟢 Обнаружено изменение neww.json
2025-04-25 20:35:24,028 - file_watcher - WARNING - 🟡 Новость уже отправлялась, пропускаем.
2025-04-25 21:23:29,790 - file_watcher - INFO - 👀 Слежение за neww.json запущено
2025-04-25 21:23:51,206 - file_watcher - INFO - 🟢 Обнаружено изменение neww.json
2025-04-25 21:23:51,255 - file_watcher - INFO - ✅ Новость отправлена в RabbitMQ
2025-04-25 21:23:51,257 - file_watcher - INFO - 🟢 Обнаружено изменение neww.json
2025-04-25 21:23:51,259 - file_watcher - WARNING - 🟡 Новость уже отправлялась, пропускаем.
2025-04-25 21:24:45,117 - file_watcher - INFO - 🟢 Обнаружено изменение neww.json
2025-04-25 21:24:45,160 - file_watcher - INFO - ✅ Новость отправлена в RabbitMQ
2025-04-25 21:24:45,161 - file_watcher - INFO - 🟢 Обнаружено изменение neww.json
2025-04-25 21:24:45,163 - file_watcher - WARNING - 🟡 Новость уже отправлялась, пропускаем.
2025-04-25 21:26:36,133 - file_watcher - INFO - 🟢 Обнаружено изменение neww.json
2025-04-25 21:26:36,195 - file_watcher - INFO - ✅ Новость отправлена в RabbitMQ
2025-04-25 21:26:36,197 - file_watcher - INFO - 🟢 Обнаружено изменение neww.json
2025-04-25 21:26:36,198 - file_watcher - WARNING - 🟡 Новость уже отправлялась, пропускаем.
2025-04-25 21:28:50,929 - file_watcher - INFO - 🟢 Обнаружено изменение neww.json
2025-04-25 21:28:50,967 - file_watcher - INFO - ✅ Новость отправлена в RabbitMQ
2025-04-25 21:28:50,969 - file_watcher - INFO - 🟢 Обнаружено изменение neww.json
2025-04-25 21:28:50,971 - file_watcher - WARNING - 🟡 Новость уже отправлялась, пропускаем.
2025-04-25 21:30:49,197 - file_watcher - WARNING - 🟡 Новость уже отправлялась, пропускаем.
2025-04-25 21:30:49,198 - file_watcher - INFO - 🟢 Обнаружено изменение neww.json
2025-04-25 21:30:49,199 - file_watcher - WARNING - 🟡 Новость уже отправлялась, пропускаем.
2025-04-25 21:30:49,202 - file_watcher - INFO - 🟢 Обнаружено изменение neww.json
2025-04-25 21:30:49,203 - file_watcher - WARNING - 🟡 Новость уже отправлялась, пропускаем.
2025-04-25 21:30:49,204 - file_watcher - INFO - 🟢 Обнаружено изменение neww.json
2025-04-25 21:30:49,204 - file_watcher - WARNING - 🟡 Новость уже отправлялась, пропускаем.
2025-04-25 21:30:49,205 - file_watcher - INFO - 🟢 Обнаружено изменение neww.json
2025-04-25 21:30:49,206 - file_watcher - WARNING - 🟡 Новость уже отправлялась, пропускаем.
2025-04-25 21:30:49,207 - file_watcher - INFO - 🟢 Обнаружено изменение neww.json
2025-04-25 21:30:49,207 - file_watcher - WARNING - 🟡 Новость уже отправлялась, пропускаем.
2025-04-25 21:30:49,208 - file_watcher - INFO - 🟢 Обнаружено изменение neww.json
2025-04-25 21:30:49,208 - file_watcher - WARNING - 🟡 Новость уже отправлялась, пропускаем.
2025-04-25 21:30:49,211 - file_watcher - INFO - 🟢 Обнаружено изменение neww.json
2025-04-25 21:30:49,211 - file_watcher - WARNING - 🟡 Новость уже отправлялась, пропускаем.
2025-04-25 21:30:49,217 - file_watcher - INFO - 🟢 Обнаружено изменение neww.json
2025-04-25 21:30:49,218 - file_watcher - WARNING - 🟡 Новость уже отправлялась, пропускаем.
2025-04-25 21:30:49,227 - file_watcher - INFO - 🟢 Обнаружено изменение neww.json
2025-04-25 21:30:49,228 - file_watcher - WARNING - 🟡 Новость уже отправлялась, пропускаем.
2025-04-25 21:30:49,229 - file_watcher - INFO - 🟢 Обнаружено изменение neww.json
2025-04-25 21:30:49,230 - file_watcher - WARNING - 🟡 Новость уже отправлялась, пропускаем.
2025-04-25 21:30:49,231 - file_watcher - INFO - 🟢 Обнаружено изменение neww.json
2025-04-25 21:30:49,232 - file_watcher - WARNING - 🟡 Новость уже отправлялась, пропускаем.
2025-04-25 21:30:49,234 - file_watcher - INFO - 🟢 Обнаружено изменение neww.json
2025-04-25 21:30:49,235 - file_watcher - WARNING - 🟡 Новость уже отправлялась, пропускаем.
2025-04-25 21:32:10,817 - file_watcher - INFO - 🟢 Обнаружено изменение neww.json
2025-04-25 21:32:10,825 - file_watcher - WARNING - 🟡 Новость уже отправлялась, пропускаем.
2025-04-25 21:32:10,826 - file_watcher - INFO - 🟢 Обнаружено изменение neww.json
2025-04-25 21:32:10,827 - file_watcher - WARNING - 🟡 Новость уже отправлялась, пропускаем.
2025-04-25 21:34:45,949 - file_watcher - INFO - 🟢 Обнаружено изменение neww.json
2025-04-25 21:34:45,958 - file_watcher - WARNING - 🟡 Новость уже отправлялась, пропускаем.
2025-04-25 21:34:45,959 - file_watcher - INFO - 🟢 Обнаружено изменение neww.json
2025-04-25 21:34:45,960 - file_watcher - WARNING - 🟡 Новость уже отправлялась, пропускаем.
2025-04-25 21:35:23,679 - file_watcher - INFO - 🟢 Обнаружено изменение neww.json
2025-04-25 21:35:23,687 - file_watcher - WARNING - 🟡 Новость уже отправлялась, пропускаем.
2025-04-25 21:35:23,688 - file_watcher - INFO - 🟢 Обнаружено изменение neww.json
2025-04-25 21:35:23,689 - file_watcher - WARNING - 🟡 Новость уже отправлялась, пропускаем.
2025-05-20 17:14:44,129 - file_watcher - INFO - 👀 Слежение за neww.json запущено
2025-05-20 17:15:06,633 - file_watcher - INFO - 🟢 Обнаружено изменение neww.json
2025-05-20 17:15:06,664 - file_watcher - INFO - ✅ Новость отправлена в RabbitMQ
2025-05-20 17:15:06,666 - file_watcher - INFO - 🟢 Обнаружено изменение neww.json
2025-05-20 17:15:06,667 - file_watcher - WARNING - 🟡 Новость уже отправлялась, пропускаем.
2025-05-22 19:38:02,105 - file_watcher - INFO - 👀 Слежение за neww.json запущено
2025-05-22 19:38:02,115 - file_watcher - INFO - 🟢 Обнаружено изменение neww.json
2025-05-22 19:38:02,117 - file_watcher - WARNING - 🟡 Новость уже отправлялась, пропускаем.
2025-05-22 19:38:17,479 - file_watcher - INFO - 🟢 Обнаружено изменение neww.json
2025-05-22 19:38:17,495 - file_watcher - INFO - ✅ Новость отправлена в RabbitMQ
2025-05-22 19:38:17,497 - file_watcher - INFO - 🟢 Обнаружено изменение neww.json
2025-05-22 19:38:17,499 - file_watcher - WARNING - 🟡 Новость уже отправлялась, пропускаем.
2025-05-22 19:39:51,167 - file_watcher - INFO - 🟢 Обнаружено изменение neww.json
2025-05-22 19:39:51,182 - file_watcher - ERROR - ❌ Ошибка при обработке изменения neww.json: Channel is closed.
2025-05-22 19:39:51,184 - file_watcher - INFO - 🟢 Обнаружено изменение neww.json
2025-05-22 19:39:51,186 - file_watcher - ERROR - ❌ Ошибка при обработке изменения neww.json: Channel is closed.
2025-05-22 20:14:40,376 - file_watcher - INFO - 👀 Слежение за neww.json запущено
2025-05-22 20:14:58,896 - file_watcher - INFO - 🟢 Обнаружено изменение neww.json
2025-05-22 20:14:58,905 - file_watcher - ERROR - ❌ Ошибка при обработке изменения neww.json: Channel is closed.
2025-05-22 20:16:57,420 - file_watcher - INFO - 👀 Слежение за neww.json запущено
2025-05-22 20:17:46,743 - file_watcher - INFO - 🟢 Обнаружено изменение neww.json
2025-05-22 20:17:46,755 - file_watcher - ERROR - ❌ Ошибка при обработке изменения neww.json: Channel is closed.
2025-05-22 20:17:46,756 - file_watcher - INFO - 🟢 Обнаружено изменение neww.json
2025-05-22 20:17:46,757 - file_watcher - ERROR - ❌ Ошибка при обработке изменения neww.json: Channel is closed.
2025-05-22 20:51:29,043 - file_watcher - INFO - 👀 Слежение за neww.json запущено
2025-05-22 20:51:46,068 - file_watcher - INFO - 🟢 Обнаружено изменение neww.json
2025-05-22 20:51:46,079 - file_watcher - INFO - ✅ Новость отправлена в RabbitMQ
2025-05-22 20:51:46,081 - file_watcher - INFO - 🟢 Обнаружено изменение neww.json
2025-05-22 20:51:46,083 - file_watcher - WARNING - 🟡 Новость уже отправлялась, пропускаем.
2025-05-22 20:52:36,634 - file_watcher - INFO - 🟢 Обнаружено изменение neww.json
2025-05-22 20:52:36,646 - file_watcher - INFO - ✅ Новость отправлена в RabbitMQ
2025-05-22 20:52:36,648 - file_watcher - INFO - 🟢 Обнаружено изменение neww.json
2025-05-22 20:52:36,650 - file_watcher - WARNING - 🟡 Новость уже отправлялась, пропускаем.
2025-05-22 20:53:31,482 - file_watcher - INFO - 🟢 Обнаружено изменение neww.json
2025-05-22 20:53:31,503 - file_watcher - INFO - ✅ Новость отправлена в RabbitMQ
2025-05-22 20:53:31,505 - file_watcher - INFO - 🟢 Обнаружено изменение neww.json
2025-05-22 20:53:31,507 - file_watcher - WARNING - 🟡 Новость уже отправлялась, пропускаем.
2025-05-22 21:10:34,274 - file_watcher - INFO - 👀 Слежение за neww.json запущено
2025-05-22 21:10:48,103 - file_watcher - INFO - 🟢 Обнаружено изменение neww.json
2025-05-22 21:10:48,113 - file_watcher - INFO - ✅ Новость отправлена в RabbitMQ
2025-05-22 21:10:48,115 - file_watcher - INFO - 🟢 Обнаружено изменение neww.json
2025-05-22 21:10:48,117 - file_watcher - WARNING - 🟡 Новость уже отправлялась, пропускаем.
2025-05-22 21:12:12,281 - file_watcher - INFO - 🟢 Обнаружено изменение neww.json
2025-05-22 21:12:12,300 - file_watcher - INFO - ✅ Новость отправлена в RabbitMQ
2025-05-22 21:15:29,874 - file_watcher - INFO - 🟢 Обнаружено изменение neww.json
2025-05-22 21:15:29,887 - file_watcher - ERROR - ❌ Ошибка при обработке изменения neww.json: Stream connection lost: ConnectionResetError(10054, 'Удаленный хост принудительно разорвал существующее подключение', None, 10054, None)
2025-05-22 21:15:29,888 - file_watcher - INFO - 🟢 Обнаружено изменение neww.json
2025-05-22 21:15:29,889 - file_watcher - ERROR - ❌ Ошибка при обработке изменения neww.json: Channel is closed.
2025-05-22 22:11:19,614 - file_watcher - INFO - 👀 Слежение за neww.json запущено
2025-05-22 22:17:18,642 - file_watcher - INFO - 👀 Слежение за neww.json запущено
2025-05-22 22:17:18,644 - file_watcher - INFO - 🟢 Обнаружено изменение neww.json
2025-05-22 22:17:18,645 - file_watcher - WARNING - 🟡 Новость уже отправлялась, пропускаем.
2025-05-22 22:17:39,995 - file_watcher - INFO - 🟢 Обнаружено изменение neww.json
2025-05-22 22:17:40,006 - file_watcher - INFO - ✅ Новость отправлена в RabbitMQ
2025-05-22 22:17:40,008 - file_watcher - INFO - 🟢 Обнаружено изменение neww.json
2025-05-22 22:17:40,010 - file_watcher - WARNING - 🟡 Новость уже отправлялась, пропускаем.
2025-05-22 22:51:15,577 - file_watcher - INFO - 👀 Слежение за neww.json запущено
2025-05-22 22:51:39,471 - file_watcher - INFO - 🟢 Обнаружено изменение neww.json
2025-05-22 22:51:39,481 - file_watcher - INFO - ✅ Новость отправлена в RabbitMQ
2025-05-22 22:51:39,483 - file_watcher - INFO - 🟢 Обнаружено изменение neww.json
2025-05-22 22:51:39,485 - file_watcher - WARNING - 🟡 Новость уже отправлялась, пропускаем.
2025-05-29 20:04:05,615 - file_watcher - INFO - 👀 Слежение за neww.json запущено
2025-05-29 20:04:22,760 - file_watcher - INFO - 🟢 Обнаружено изменение neww.json
2025-05-29 20:04:22,771 - file_watcher - INFO - ✅ Новость отправлена в RabbitMQ
2025-05-29 20:04:22,773 - file_watcher - INFO - 🟢 Обнаружено изменение neww.json
2025-05-29 20:04:22,775 - file_watcher - WARNING - 🟡 Новость уже отправлялась, пропускаем.
2025-05-29 20:06:20,350 - file_watcher - INFO - 🟢 Обнаружено изменение neww.json
2025-05-29 20:06:20,362 - file_watcher - INFO - ✅ Новость отправлена в RabbitMQ
2025-05-29 20:06:20,365 - file_watcher - INFO - 🟢 Обнаружено изменение neww.json
2025-05-29 20:06:20,366 - file_watcher - WARNING - 🟡 Новость уже отправлялась, пропускаем.
2025-05-29 20:06:30,846 - file_watcher - INFO - 👀 Слежение за neww.json запущено
2025-05-29 20:06:39,557 - file_watcher - INFO - 🟢 Обнаружено изменение neww.json
2025-05-29 20:06:39,567 - file_watcher - INFO - ✅ Новость отправлена в RabbitMQ
2025-05-29 20:09:02,335 - file_watcher - INFO - 🟢 Обнаружено изменение neww.json
2025-05-29 20:09:02,349 - file_watcher - INFO - ✅ Новость отправлена в RabbitMQ
2025-05-29 20:09:02,351 - file_watcher - INFO - 🟢 Обнаружено изменение neww.json
2025-05-29 20:09:02,353 - file_watcher - WARNING - 🟡 Новость уже отправлялась, пропускаем.
2025-05-29 20:12:15,635 - file_watcher - INFO - 👀 Слежение за neww.json запущено
2025-05-29 20:12:40,516 - file_watcher - INFO - 🟢 Обнаружено изменение neww.json
2025-05-29 20:12:40,530 - file_watcher - INFO - ✅ Новость отправлена в RabbitMQ
2025-05-29 20:13:03,269 - file_watcher - INFO - 🟢 Обнаружено изменение neww.json
2025-05-29 20:13:03,279 - file_watcher - INFO - ✅ Новость отправлена в RabbitMQ
2025-05-29 20:13:03,281 - file_watcher - INFO - 🟢 Обнаружено изменение neww.json
2025-05-29 20:13:03,282 - file_watcher - WARNING - 🟡 Новость уже отправлялась, пропускаем.
2025-05-29 20:14:04,994 - file_watcher - INFO - 🟢 Обнаружено изменение neww.json
2025-05-29 20:14:05,008 - file_watcher - INFO - ✅ Новость отправлена в RabbitMQ
2025-05-29 20:14:05,011 - file_watcher - INFO - 🟢 Обнаружено изменение neww.json
2025-05-29 20:14:05,012 - file_watcher - WARNING - 🟡 Новость уже отправлялась, пропускаем.
2025-05-30 15:47:55,639 - file_watcher - INFO - 👀 Слежение за neww.json запущено
2025-05-30 15:47:55,642 - file_watcher - INFO - 🟢 Обнаружено изменение neww.json
2025-05-30 15:47:55,643 - file_watcher - WARNING - 🟡 Новость уже отправлялась, пропускаем.
2025-05-30 15:48:29,265 - file_watcher - INFO - 🟢 Обнаружено изменение neww.json
2025-05-30 15:48:29,293 - file_watcher - INFO - ✅ Новость отправлена в RabbitMQ
2025-05-30 15:48:29,295 - file_watcher - INFO - 🟢 Обнаружено изменение neww.json
2025-05-30 15:48:29,297 - file_watcher - WARNING - 🟡 Новость уже отправлялась, пропускаем.
2025-05-30 15:49:36,520 - file_watcher - INFO - 🟢 Обнаружено изменение neww.json
2025-05-30 15:49:36,538 - file_watcher - INFO - ✅ Новость отправлена в RabbitMQ
2025-05-30 15:49:36,540 - file_watcher - INFO - 🟢 Обнаружено изменение neww.json
2025-05-30 15:49:36,542 - file_watcher - WARNING - 🟡 Новость уже отправлялась, пропускаем.
2025-05-30 15:52:54,191 - file_watcher - INFO - 🟢 Обнаружено изменение neww.json
2025-05-30 15:52:54,224 - file_watcher - ERROR - ❌ Ошибка при обработке изменения neww.json: Stream connection lost: ConnectionResetError(10054, 'Удаленный хост принудительно разорвал существующее подключение', None, 10054, None)
2025-05-30 15:52:54,226 - file_watcher - INFO - 🟢 Обнаружено изменение neww.json
2025-05-30 15:52:54,227 - file_watcher - ERROR - ❌ Ошибка при обработке изменения neww.json: Channel is closed.
2025-05-30 15:53:50,813 - file_watcher - INFO - 🟢 Обнаружено изменение neww.json
2025-05-30 15:53:50,824 - file_watcher - ERROR - ❌ Ошибка при обработке изменения neww.json: Channel is closed.
2025-05-30 15:53:50,824 - file_watcher - INFO - 🟢 Обнаружено изменение neww.json
2025-05-30 15:53:50,826 - file_watcher - ERROR - ❌ Ошибка при обработке изменения neww.json: Channel is closed.
2025-05-30 15:54:20,476 - file_watcher - INFO - 🟢 Обнаружено изменение neww.json
2025-05-30 15:54:20,484 - file_watcher - ERROR - ❌ Ошибка при обработке изменения neww.json: Channel is closed.
2025-05-30 15:54:20,485 - file_watcher - INFO - 🟢 Обнаружено изменение neww.json
2025-05-30 15:54:20,486 - file_watcher - ERROR - ❌ Ошибка при обработке изменения neww.json: Channel is closed.
2025-05-30 15:55:04,100 - file_watcher - INFO - 🟢 Обнаружено изменение neww.json
2025-05-30 15:55:04,109 - file_watcher - ERROR - ❌ Ошибка при обработке изменения neww.json: Channel is closed.
2025-05-30 15:55:04,110 - file_watcher - INFO - 🟢 Обнаружено изменение neww.json
2025-05-30 15:55:04,111 - file_watcher - ERROR - ❌ Ошибка при обработке изменения neww.json: Channel is closed.
2025-05-30 15:55:11,643 - file_watcher - INFO - 👀 Слежение за neww.json запущено
2025-05-30 15:56:05,742 - file_watcher - INFO - 🟢 Обнаружено изменение neww.json
2025-05-30 15:56:05,765 - file_watcher - INFO - ✅ Новость отправлена в RabbitMQ
2025-05-30 15:56:05,768 - file_watcher - INFO - 🟢 Обнаружено изменение neww.json
2025-05-30 15:56:05,770 - file_watcher - WARNING - 🟡 Новость уже отправлялась, пропускаем.
2025-05-30 15:57:14,625 - file_watcher - INFO - 🟢 Обнаружено изменение neww.json
2025-05-30 15:57:14,638 - file_watcher - INFO - ✅ Новость отправлена в RabbitMQ
2025-05-30 15:57:14,641 - file_watcher - INFO - 🟢 Обнаружено изменение neww.json
2025-05-30 15:57:14,643 - file_watcher - WARNING - 🟡 Новость уже отправлялась, пропускаем.
2025-05-30 15:58:07,845 - file_watcher - INFO - 👀 Слежение за neww.json запущено
2025-05-30 15:59:55,831 - file_watcher - INFO - 🟢 Обнаружено изменение neww.json
2025-05-30 15:59:55,842 - file_watcher - INFO - ✅ Новость отправлена в RabbitMQ
2025-05-30 15:59:55,844 - file_watcher - INFO - 🟢 Обнаружено изменение neww.json
2025-05-30 15:59:55,845 - file_watcher - WARNING - 🟡 Новость уже отправлялась, пропускаем.
2025-05-30 16:01:51,384 - file_watcher - INFO - 🟢 Обнаружено изменение neww.json
2025-05-30 16:01:51,395 - file_watcher - INFO - ✅ Новость отправлена в RabbitMQ
2025-05-30 16:01:51,397 - file_watcher - INFO - 🟢 Обнаружено изменение neww.json
2025-05-30 16:01:51,399 - file_watcher - WARNING - 🟡 Новость уже отправлялась, пропускаем.
2025-05-30 16:06:04,244 - file_watcher - INFO - 🟢 Обнаружено изменение neww.json
2025-05-30 16:06:04,276 - file_watcher - ERROR - ❌ Ошибка при обработке изменения neww.json: Stream connection lost: ConnectionResetError(10054, 'Удаленный хост принудительно разорвал существующее подключение', None, 10054, None)
2025-05-30 16:06:04,277 - file_watcher - INFO - 🟢 Обнаружено изменение neww.json
2025-05-30 16:06:04,278 - file_watcher - ERROR - ❌ Ошибка при обработке изменения neww.json: Channel is closed.
2025-05-30 16:07:31,167 - file_watcher - INFO - 🟢 Обнаружено изменение neww.json
2025-05-30 16:07:31,177 - file_watcher - ERROR - ❌ Ошибка при обработке изменения neww.json: Channel is closed.
2025-05-30 16:07:31,178 - file_watcher - INFO - 🟢 Обнаружено изменение neww.json
2025-05-30 16:07:31,179 - file_watcher - ERROR - ❌ Ошибка при обработке изменения neww.json: Channel is closed.
2025-05-30 16:08:22,911 - file_watcher - INFO - 🟢 Обнаружено изменение neww.json
2025-05-30 16:08:22,928 - file_watcher - ERROR - ❌ Ошибка при обработке изменения neww.json: Channel is closed.
2025-05-30 16:08:22,929 - file_watcher - INFO - 🟢 Обнаружено изменение neww.json
2025-05-30 16:08:22,930 - file_watcher - ERROR - ❌ Ошибка при обработке изменения neww.json: Channel is closed.
2025-05-30 16:09:24,297 - file_watcher - INFO - 👀 Слежение за neww.json запущено
2025-05-30 16:09:53,251 - file_watcher - INFO - 🟢 Обнаружено изменение neww.json
2025-05-30 16:09:53,261 - file_watcher - INFO - ✅ Новость отправлена в RabbitMQ
2025-05-30 16:09:53,263 - file_watcher - INFO - 🟢 Обнаружено изменение neww.json
2025-05-30 16:09:53,265 - file_watcher - WARNING - 🟡 Новость уже отправлялась, пропускаем.
2025-05-30 16:11:17,770 - file_watcher - INFO - 👀 Слежение за neww.json запущено
2025-05-30 16:11:50,450 - file_watcher - INFO - 🟢 Обнаружено изменение neww.json
2025-05-30 16:11:50,466 - file_watcher - INFO - ✅ Новость отправлена в RabbitMQ
2025-05-30 16:11:50,468 - file_watcher - INFO - 🟢 Обнаружено изменение neww.json
2025-05-30 16:11:50,470 - file_watcher - WARNING - 🟡 Новость уже отправлялась, пропускаем.
2025-05-30 16:15:00,926 - file_watcher - INFO - 🟢 Обнаружено изменение neww.json
2025-05-30 16:15:00,938 - file_watcher - INFO - ✅ Новость отправлена в RabbitMQ
2025-05-30 16:15:00,940 - file_watcher - INFO - 🟢 Обнаружено изменение neww.json
2025-05-30 16:15:00,942 - file_watcher - WARNING - 🟡 Новость уже отправлялась, пропускаем.
2025-05-30 16:18:13,021 - file_watcher - INFO - 🟢 Обнаружено изменение neww.json
2025-05-30 16:18:13,035 - file_watcher - ERROR - ❌ Ошибка при обработке изменения neww.json: Channel is closed.
2025-05-30 16:18:13,036 - file_watcher - INFO - 🟢 Обнаружено изменение neww.json
2025-05-30 16:18:13,038 - file_watcher - ERROR - ❌ Ошибка при обработке изменения neww.json: Channel is closed.
2025-05-30 17:13:52,580 - file_watcher - INFO - 👀 Слежение за neww.json запущено
2025-05-30 17:14:22,146 - file_watcher - INFO - 🟢 Обнаружено изменение neww.json
2025-05-30 17:14:22,160 - file_watcher - INFO - ✅ Новость отправлена в RabbitMQ
2025-05-30 17:14:22,162 - file_watcher - INFO - 🟢 Обнаружено изменение neww.json
2025-05-30 17:14:22,164 - file_watcher - WARNING - 🟡 Новость уже отправлялась, пропускаем.
