2025-04-25 21:23:29,790 - file_watcher_tass - INFO - 👀 Слежение за neww_tass.json запущено
2025-04-25 21:24:11,971 - file_watcher_tass - INFO - 🟢 Обнаружено изменение neww_tass.json
2025-04-25 21:24:11,990 - file_watcher_tass - INFO - ✅ Новость отправлена в RabbitMQ
2025-04-25 21:24:11,992 - file_watcher_tass - INFO - 🟢 Обнаружено изменение neww_tass.json
2025-04-25 21:24:11,993 - file_watcher_tass - INFO - 🟡 Новость уже была отправлена. Пропускаем.
2025-04-25 21:27:51,223 - file_watcher_tass - INFO - 🟢 Обнаружено изменение neww_tass.json
2025-04-25 21:27:51,252 - file_watcher_tass - INFO - ✅ Новость отправлена в RabbitMQ
2025-04-25 21:27:51,254 - file_watcher_tass - INFO - 🟢 Обнаружено изменение neww_tass.json
2025-04-25 21:27:51,256 - file_watcher_tass - INFO - 🟡 Новость уже была отправлена. Пропускаем.
2025-05-20 17:14:44,130 - file_watcher_tass - INFO - 👀 Слежение за neww_tass.json запущено
2025-05-20 18:09:23,314 - file_watcher_tass - INFO - 👀 Слежение за neww_tass.json запущено
2025-05-20 18:10:01,516 - file_watcher_tass - INFO - 🟢 Обнаружено изменение neww_tass.json
2025-05-20 18:10:05,612 - file_watcher_tass - ERROR - ❌ Ошибка при обработке: 
2025-05-20 18:10:05,613 - file_watcher_tass - INFO - 🟢 Обнаружено изменение neww_tass.json
2025-05-20 18:10:09,673 - file_watcher_tass - ERROR - ❌ Ошибка при обработке: 
2025-05-20 18:10:58,433 - file_watcher_tass - INFO - 🟢 Обнаружено изменение neww_tass.json
2025-05-20 18:11:02,506 - file_watcher_tass - ERROR - ❌ Ошибка при обработке: 
2025-05-20 18:11:02,508 - file_watcher_tass - INFO - 🟢 Обнаружено изменение neww_tass.json
2025-05-20 18:11:06,558 - file_watcher_tass - ERROR - ❌ Ошибка при обработке: 
2025-05-20 18:11:51,472 - file_watcher_tass - INFO - 🟢 Обнаружено изменение neww_tass.json
2025-05-20 18:11:55,523 - file_watcher_tass - ERROR - ❌ Ошибка при обработке: 
2025-05-20 21:56:53,952 - file_watcher_tass - INFO - 👀 Слежение за neww_tass.json запущено
2025-05-20 21:57:34,622 - file_watcher_tass - INFO - 🟢 Обнаружено изменение neww_tass.json
2025-05-20 21:57:38,690 - file_watcher_tass - ERROR - ❌ Ошибка при обработке: 
2025-05-20 21:57:38,690 - file_watcher_tass - INFO - 🟢 Обнаружено изменение neww_tass.json
2025-05-20 21:57:42,753 - file_watcher_tass - ERROR - ❌ Ошибка при обработке: 
2025-05-20 21:58:33,574 - file_watcher_tass - INFO - 🟢 Обнаружено изменение neww_tass.json
2025-05-20 21:58:37,667 - file_watcher_tass - ERROR - ❌ Ошибка при обработке: 
2025-05-20 21:59:22,248 - file_watcher_tass - INFO - 🟢 Обнаружено изменение neww_tass.json
2025-05-20 22:05:18,510 - file_watcher_tass - INFO - 👀 Слежение за neww_tass.json запущено
2025-05-20 22:05:59,840 - file_watcher_tass - INFO - 🟢 Обнаружено изменение neww_tass.json
2025-05-20 22:20:00,779 - file_watcher_tass - INFO - 👀 Слежение за neww_tass.json запущено
2025-05-20 22:20:32,304 - file_watcher_tass - INFO - 🟢 Обнаружено изменение neww_tass.json
2025-05-20 22:30:12,431 - file_watcher_tass - INFO - 👀 Слежение за neww_tass.json запущено
2025-05-20 22:30:46,746 - file_watcher_tass - INFO - 🟢 Обнаружено изменение neww_tass.json
2025-05-20 22:52:56,050 - file_watcher_tass - INFO - 👀 Слежение за neww_tass.json запущено
2025-05-20 22:53:56,005 - file_watcher_tass - INFO - 🟢 Обнаружено изменение neww_tass.json
2025-05-20 22:54:00,100 - file_watcher_tass - ERROR - ❌ Ошибка при обработке: 
2025-05-20 22:54:00,101 - file_watcher_tass - INFO - 🟢 Обнаружено изменение neww_tass.json
2025-05-20 23:02:28,923 - file_watcher_tass - INFO - 👀 Слежение за neww_tass.json запущено
2025-05-20 23:03:43,039 - file_watcher_tass - INFO - 🟢 Обнаружено изменение neww_tass.json
2025-05-20 23:33:47,541 - file_watcher_tass - INFO - 👀 Слежение за neww_tass.json запущено
2025-05-20 23:34:20,661 - file_watcher_tass - INFO - 🟢 Обнаружено изменение neww_tass.json
2025-05-20 23:34:20,706 - file_watcher_tass - INFO - ✅ Новость отправлена в RabbitMQ
2025-05-20 23:34:20,712 - file_watcher_tass - INFO - 🟢 Обнаружено изменение neww_tass.json
2025-05-20 23:34:20,714 - file_watcher_tass - INFO - 🟡 Новость уже была отправлена. Пропускаем.
2025-05-20 23:36:59,731 - file_watcher_tass - INFO - 👀 Слежение за neww_tass.json запущено
2025-05-20 23:42:54,935 - file_watcher_tass - ERROR - ❌ Ошибка при обработке: 
2025-05-20 23:42:54,949 - file_watcher_tass - INFO - 🟢 Обнаружено изменение neww_tass.json
2025-05-20 23:42:54,955 - file_watcher_tass - INFO - 🟡 Новость уже была отправлена. Пропускаем.
2025-05-20 23:42:54,963 - file_watcher_tass - INFO - 🟢 Обнаружено изменение neww_tass.json
2025-05-20 23:42:54,966 - file_watcher_tass - INFO - 🟡 Новость уже была отправлена. Пропускаем.
2025-05-20 23:54:09,444 - file_watcher_tass - INFO - 👀 Слежение за neww_tass.json запущено
2025-05-21 00:04:09,611 - file_watcher_tass - INFO - 🟢 Обнаружено изменение neww_tass.json
2025-05-21 00:04:09,677 - file_watcher_tass - INFO - ✅ Новость отправлена в RabbitMQ
2025-05-21 00:36:44,323 - file_watcher_tass - INFO - 🟢 Обнаружено изменение neww_tass.json
2025-05-21 00:36:44,383 - file_watcher_tass - INFO - ✅ Новость отправлена в RabbitMQ
2025-05-21 16:13:50,655 - file_watcher_tass - INFO - 🟢 Обнаружено изменение neww_tass.json
2025-05-21 16:13:50,667 - file_watcher_tass - INFO - ✅ Новость отправлена в RabbitMQ
2025-05-21 16:13:50,670 - file_watcher_tass - INFO - 🟢 Обнаружено изменение neww_tass.json
2025-05-21 16:13:50,671 - file_watcher_tass - INFO - 🟡 Новость уже была отправлена. Пропускаем.
2025-05-21 16:18:36,972 - file_watcher_tass - INFO - 🟢 Обнаружено изменение neww_tass.json
2025-05-21 16:18:37,032 - file_watcher_tass - INFO - ✅ Новость отправлена в RabbitMQ
2025-05-21 16:18:37,038 - file_watcher_tass - INFO - 🟢 Обнаружено изменение neww_tass.json
2025-05-21 16:18:37,040 - file_watcher_tass - INFO - 🟡 Новость уже была отправлена. Пропускаем.
2025-05-21 16:22:14,182 - file_watcher_tass - INFO - 🟢 Обнаружено изменение neww_tass.json
2025-05-21 16:22:14,185 - file_watcher_tass - INFO - 🟡 Новость уже была отправлена. Пропускаем.
2025-05-21 16:22:45,681 - file_watcher_tass - INFO - 🟢 Обнаружено изменение neww_tass.json
2025-05-21 16:22:45,684 - file_watcher_tass - INFO - 🟡 Новость уже была отправлена. Пропускаем.
2025-05-21 16:23:17,943 - file_watcher_tass - INFO - 🟢 Обнаружено изменение neww_tass.json
2025-05-21 16:23:17,951 - file_watcher_tass - INFO - 🟡 Новость уже была отправлена. Пропускаем.
2025-05-21 16:23:49,530 - file_watcher_tass - INFO - 🟢 Обнаружено изменение neww_tass.json
2025-05-21 16:23:49,533 - file_watcher_tass - INFO - 🟡 Новость уже была отправлена. Пропускаем.
2025-05-21 16:25:13,441 - file_watcher_tass - INFO - 🟢 Обнаружено изменение neww_tass.json
2025-05-21 16:25:13,479 - file_watcher_tass - INFO - ✅ Новость отправлена в RabbitMQ
2025-05-21 16:25:13,485 - file_watcher_tass - INFO - 🟢 Обнаружено изменение neww_tass.json
2025-05-21 16:25:13,489 - file_watcher_tass - INFO - 🟡 Новость уже была отправлена. Пропускаем.
2025-05-21 16:33:30,152 - file_watcher_tass - INFO - 🟢 Обнаружено изменение neww_tass.json
2025-05-21 16:33:30,200 - file_watcher_tass - INFO - ✅ Новость отправлена в RabbitMQ
2025-05-21 16:33:30,205 - file_watcher_tass - INFO - 🟢 Обнаружено изменение neww_tass.json
2025-05-21 16:33:30,207 - file_watcher_tass - INFO - 🟡 Новость уже была отправлена. Пропускаем.
2025-05-21 16:45:39,920 - file_watcher_tass - INFO - 🟢 Обнаружено изменение neww_tass.json
2025-05-21 16:45:39,971 - file_watcher_tass - INFO - ✅ Новость отправлена в RabbitMQ
2025-05-21 16:45:39,976 - file_watcher_tass - INFO - 🟢 Обнаружено изменение neww_tass.json
2025-05-21 16:45:39,978 - file_watcher_tass - INFO - 🟡 Новость уже была отправлена. Пропускаем.
2025-05-21 16:48:54,000 - file_watcher_tass - INFO - 🟢 Обнаружено изменение neww_tass.json
2025-05-21 16:48:54,061 - file_watcher_tass - INFO - ✅ Новость отправлена в RabbitMQ
2025-05-21 16:48:54,067 - file_watcher_tass - INFO - 🟢 Обнаружено изменение neww_tass.json
2025-05-21 16:48:54,069 - file_watcher_tass - INFO - 🟡 Новость уже была отправлена. Пропускаем.
2025-05-21 16:54:39,303 - file_watcher_tass - INFO - 🟢 Обнаружено изменение neww_tass.json
2025-05-21 16:54:39,376 - file_watcher_tass - INFO - ✅ Новость отправлена в RabbitMQ
2025-05-21 16:54:39,379 - file_watcher_tass - INFO - 🟢 Обнаружено изменение neww_tass.json
2025-05-21 16:54:39,385 - file_watcher_tass - INFO - 🟡 Новость уже была отправлена. Пропускаем.
2025-05-21 16:55:27,574 - file_watcher_tass - INFO - 🟢 Обнаружено изменение neww_tass.json
2025-05-21 16:55:27,633 - file_watcher_tass - INFO - ✅ Новость отправлена в RabbitMQ
2025-05-21 16:55:27,639 - file_watcher_tass - INFO - 🟢 Обнаружено изменение neww_tass.json
2025-05-21 16:55:27,642 - file_watcher_tass - INFO - 🟡 Новость уже была отправлена. Пропускаем.
2025-05-21 16:56:01,676 - file_watcher_tass - INFO - 🟢 Обнаружено изменение neww_tass.json
2025-05-21 16:56:01,727 - file_watcher_tass - INFO - ✅ Новость отправлена в RabbitMQ
2025-05-21 16:56:01,732 - file_watcher_tass - INFO - 🟢 Обнаружено изменение neww_tass.json
2025-05-21 16:56:01,735 - file_watcher_tass - INFO - 🟡 Новость уже была отправлена. Пропускаем.
2025-05-21 16:57:52,951 - file_watcher_tass - INFO - 🟢 Обнаружено изменение neww_tass.json
2025-05-21 16:57:52,990 - file_watcher_tass - INFO - ✅ Новость отправлена в RabbitMQ
2025-05-21 16:57:52,995 - file_watcher_tass - INFO - 🟢 Обнаружено изменение neww_tass.json
2025-05-21 16:57:53,000 - file_watcher_tass - INFO - 🟡 Новость уже была отправлена. Пропускаем.
2025-05-21 17:00:30,114 - file_watcher_tass - INFO - 🟢 Обнаружено изменение neww_tass.json
2025-05-21 17:00:30,158 - file_watcher_tass - INFO - ✅ Новость отправлена в RabbitMQ
2025-05-21 17:00:30,163 - file_watcher_tass - INFO - 🟢 Обнаружено изменение neww_tass.json
2025-05-21 17:00:30,166 - file_watcher_tass - INFO - 🟡 Новость уже была отправлена. Пропускаем.
2025-05-21 17:04:00,235 - file_watcher_tass - INFO - 🟢 Обнаружено изменение neww_tass.json
2025-05-21 17:04:00,283 - file_watcher_tass - INFO - ✅ Новость отправлена в RabbitMQ
2025-05-21 17:04:00,286 - file_watcher_tass - INFO - 🟢 Обнаружено изменение neww_tass.json
2025-05-21 17:04:00,292 - file_watcher_tass - INFO - 🟡 Новость уже была отправлена. Пропускаем.
2025-05-21 17:31:12,014 - file_watcher_tass - INFO - 🟢 Обнаружено изменение neww_tass.json
2025-05-21 17:31:12,051 - file_watcher_tass - INFO - ✅ Новость отправлена в RabbitMQ
2025-05-21 17:33:46,633 - file_watcher_tass - INFO - 🟢 Обнаружено изменение neww_tass.json
2025-05-21 17:33:46,682 - file_watcher_tass - INFO - ✅ Новость отправлена в RabbitMQ
2025-05-21 17:34:56,190 - file_watcher_tass - INFO - 🟢 Обнаружено изменение neww_tass.json
2025-05-21 17:34:56,229 - file_watcher_tass - INFO - ✅ Новость отправлена в RabbitMQ
2025-05-21 17:35:39,978 - file_watcher_tass - INFO - 🟢 Обнаружено изменение neww_tass.json
2025-05-21 17:35:40,039 - file_watcher_tass - INFO - ✅ Новость отправлена в RabbitMQ
2025-05-21 17:37:17,161 - file_watcher_tass - INFO - 🟢 Обнаружено изменение neww_tass.json
2025-05-21 17:37:17,221 - file_watcher_tass - INFO - ✅ Новость отправлена в RabbitMQ
2025-05-21 17:37:17,227 - file_watcher_tass - INFO - 🟢 Обнаружено изменение neww_tass.json
2025-05-21 17:37:17,231 - file_watcher_tass - INFO - 🟡 Новость уже была отправлена. Пропускаем.
2025-05-21 17:39:51,353 - file_watcher_tass - INFO - 🟢 Обнаружено изменение neww_tass.json
2025-05-21 17:39:51,433 - file_watcher_tass - INFO - ✅ Новость отправлена в RabbitMQ
2025-05-21 17:39:51,436 - file_watcher_tass - INFO - 🟢 Обнаружено изменение neww_tass.json
2025-05-21 17:39:51,439 - file_watcher_tass - INFO - 🟡 Новость уже была отправлена. Пропускаем.
2025-05-21 17:49:18,741 - file_watcher_tass - INFO - 🟢 Обнаружено изменение neww_tass.json
2025-05-21 17:49:18,810 - file_watcher_tass - INFO - ✅ Новость отправлена в RabbitMQ
2025-05-21 17:52:12,609 - file_watcher_tass - INFO - 🟢 Обнаружено изменение neww_tass.json
2025-05-21 17:52:12,666 - file_watcher_tass - INFO - ✅ Новость отправлена в RabbitMQ
2025-05-21 17:52:12,673 - file_watcher_tass - INFO - 🟢 Обнаружено изменение neww_tass.json
2025-05-21 17:52:12,675 - file_watcher_tass - INFO - 🟡 Новость уже была отправлена. Пропускаем.
2025-05-21 18:00:53,449 - file_watcher_tass - INFO - 🟢 Обнаружено изменение neww_tass.json
2025-05-21 18:00:53,508 - file_watcher_tass - INFO - ✅ Новость отправлена в RabbitMQ
2025-05-21 18:00:53,517 - file_watcher_tass - INFO - 🟢 Обнаружено изменение neww_tass.json
2025-05-21 18:00:53,520 - file_watcher_tass - INFO - 🟡 Новость уже была отправлена. Пропускаем.
2025-05-21 18:02:03,005 - file_watcher_tass - INFO - 🟢 Обнаружено изменение neww_tass.json
2025-05-21 18:02:03,047 - file_watcher_tass - INFO - ✅ Новость отправлена в RabbitMQ
2025-05-21 18:02:03,054 - file_watcher_tass - INFO - 🟢 Обнаружено изменение neww_tass.json
2025-05-21 18:02:03,058 - file_watcher_tass - INFO - 🟡 Новость уже была отправлена. Пропускаем.
2025-05-21 18:02:34,833 - file_watcher_tass - INFO - 🟢 Обнаружено изменение neww_tass.json
2025-05-21 18:02:34,890 - file_watcher_tass - INFO - ✅ Новость отправлена в RabbitMQ
2025-05-21 18:02:34,895 - file_watcher_tass - INFO - 🟢 Обнаружено изменение neww_tass.json
2025-05-21 18:02:34,898 - file_watcher_tass - INFO - 🟡 Новость уже была отправлена. Пропускаем.
2025-05-21 18:15:49,228 - file_watcher_tass - INFO - 🟢 Обнаружено изменение neww_tass.json
2025-05-21 18:15:49,271 - file_watcher_tass - INFO - ✅ Новость отправлена в RabbitMQ
2025-05-21 18:15:49,277 - file_watcher_tass - INFO - 🟢 Обнаружено изменение neww_tass.json
2025-05-21 18:15:49,280 - file_watcher_tass - INFO - 🟡 Новость уже была отправлена. Пропускаем.
2025-05-21 18:21:20,904 - file_watcher_tass - INFO - 🟢 Обнаружено изменение neww_tass.json
2025-05-21 18:21:20,941 - file_watcher_tass - INFO - ✅ Новость отправлена в RabbitMQ
2025-05-21 18:21:20,946 - file_watcher_tass - INFO - 🟢 Обнаружено изменение neww_tass.json
2025-05-21 18:21:20,949 - file_watcher_tass - INFO - 🟡 Новость уже была отправлена. Пропускаем.
2025-05-21 18:27:44,601 - file_watcher_tass - INFO - 🟢 Обнаружено изменение neww_tass.json
2025-05-21 18:27:44,624 - file_watcher_tass - INFO - ✅ Новость отправлена в RabbitMQ
2025-05-21 18:27:44,628 - file_watcher_tass - INFO - 🟢 Обнаружено изменение neww_tass.json
2025-05-21 18:27:44,633 - file_watcher_tass - INFO - 🟡 Новость уже была отправлена. Пропускаем.
2025-05-21 18:30:58,416 - file_watcher_tass - INFO - 🟢 Обнаружено изменение neww_tass.json
2025-05-21 18:30:58,453 - file_watcher_tass - INFO - ✅ Новость отправлена в RabbitMQ
2025-05-21 18:30:58,460 - file_watcher_tass - INFO - 🟢 Обнаружено изменение neww_tass.json
2025-05-21 18:30:58,462 - file_watcher_tass - INFO - 🟡 Новость уже была отправлена. Пропускаем.
2025-05-21 18:34:01,589 - file_watcher_tass - INFO - 🟢 Обнаружено изменение neww_tass.json
2025-05-21 18:34:01,633 - file_watcher_tass - INFO - ✅ Новость отправлена в RabbitMQ
2025-05-21 18:39:40,473 - file_watcher_tass - INFO - 🟢 Обнаружено изменение neww_tass.json
2025-05-21 18:39:40,507 - file_watcher_tass - INFO - ✅ Новость отправлена в RabbitMQ
2025-05-21 18:39:40,513 - file_watcher_tass - INFO - 🟢 Обнаружено изменение neww_tass.json
2025-05-21 18:39:40,516 - file_watcher_tass - INFO - 🟡 Новость уже была отправлена. Пропускаем.
2025-05-21 18:40:32,562 - file_watcher_tass - INFO - 🟢 Обнаружено изменение neww_tass.json
2025-05-21 18:40:32,609 - file_watcher_tass - INFO - ✅ Новость отправлена в RabbitMQ
2025-05-21 18:40:32,616 - file_watcher_tass - INFO - 🟢 Обнаружено изменение neww_tass.json
2025-05-21 18:40:32,618 - file_watcher_tass - INFO - 🟡 Новость уже была отправлена. Пропускаем.
2025-05-21 18:41:20,300 - file_watcher_tass - INFO - 🟢 Обнаружено изменение neww_tass.json
2025-05-21 18:41:20,340 - file_watcher_tass - INFO - ✅ Новость отправлена в RabbitMQ
2025-05-21 18:41:20,347 - file_watcher_tass - INFO - 🟢 Обнаружено изменение neww_tass.json
2025-05-21 18:41:20,350 - file_watcher_tass - INFO - 🟡 Новость уже была отправлена. Пропускаем.
2025-05-21 18:46:10,987 - file_watcher_tass - INFO - 🟢 Обнаружено изменение neww_tass.json
2025-05-21 18:46:11,027 - file_watcher_tass - INFO - ✅ Новость отправлена в RabbitMQ
2025-05-21 18:46:11,034 - file_watcher_tass - INFO - 🟢 Обнаружено изменение neww_tass.json
2025-05-21 18:46:11,037 - file_watcher_tass - INFO - 🟡 Новость уже была отправлена. Пропускаем.
2025-05-21 18:54:32,903 - file_watcher_tass - INFO - 🟢 Обнаружено изменение neww_tass.json
2025-05-21 18:54:32,961 - file_watcher_tass - INFO - ✅ Новость отправлена в RabbitMQ
2025-05-21 18:57:43,037 - file_watcher_tass - INFO - 🟢 Обнаружено изменение neww_tass.json
2025-05-21 18:57:43,093 - file_watcher_tass - INFO - ✅ Новость отправлена в RabbitMQ
2025-05-21 19:04:08,142 - file_watcher_tass - INFO - 🟢 Обнаружено изменение neww_tass.json
2025-05-21 19:04:08,211 - file_watcher_tass - INFO - ✅ Новость отправлена в RabbitMQ
2025-05-21 19:04:08,217 - file_watcher_tass - INFO - 🟢 Обнаружено изменение neww_tass.json
2025-05-21 19:04:08,221 - file_watcher_tass - INFO - 🟡 Новость уже была отправлена. Пропускаем.
2025-05-21 19:33:28,014 - file_watcher_tass - INFO - 🟢 Обнаружено изменение neww_tass.json
2025-05-21 19:33:28,065 - file_watcher_tass - INFO - ✅ Новость отправлена в RabbitMQ
2025-05-21 19:33:28,068 - file_watcher_tass - INFO - 🟢 Обнаружено изменение neww_tass.json
2025-05-21 19:33:28,070 - file_watcher_tass - INFO - 🟡 Новость уже была отправлена. Пропускаем.
2025-05-21 19:40:33,253 - file_watcher_tass - INFO - 🟢 Обнаружено изменение neww_tass.json
2025-05-21 19:40:33,312 - file_watcher_tass - INFO - ✅ Новость отправлена в RabbitMQ
2025-05-21 19:40:33,315 - file_watcher_tass - INFO - 🟢 Обнаружено изменение neww_tass.json
2025-05-21 19:40:33,317 - file_watcher_tass - INFO - 🟡 Новость уже была отправлена. Пропускаем.
2025-05-21 19:48:50,164 - file_watcher_tass - INFO - 🟢 Обнаружено изменение neww_tass.json
2025-05-21 19:48:50,259 - file_watcher_tass - INFO - ✅ Новость отправлена в RabbitMQ
2025-05-21 19:58:28,412 - file_watcher_tass - INFO - 🟢 Обнаружено изменение neww_tass.json
2025-05-21 19:58:28,481 - file_watcher_tass - INFO - ✅ Новость отправлена в RabbitMQ
2025-05-21 19:58:28,488 - file_watcher_tass - INFO - 🟢 Обнаружено изменение neww_tass.json
2025-05-21 19:58:28,492 - file_watcher_tass - INFO - 🟡 Новость уже была отправлена. Пропускаем.
2025-05-21 20:09:32,705 - file_watcher_tass - INFO - 🟢 Обнаружено изменение neww_tass.json
2025-05-21 20:09:32,778 - file_watcher_tass - INFO - ✅ Новость отправлена в RabbitMQ
2025-05-21 20:09:32,784 - file_watcher_tass - INFO - 🟢 Обнаружено изменение neww_tass.json
2025-05-21 20:09:32,787 - file_watcher_tass - INFO - 🟡 Новость уже была отправлена. Пропускаем.
2025-05-21 20:12:51,414 - file_watcher_tass - INFO - 🟢 Обнаружено изменение neww_tass.json
2025-05-21 20:12:51,452 - file_watcher_tass - INFO - ✅ Новость отправлена в RabbitMQ
2025-05-21 20:33:51,697 - file_watcher_tass - INFO - 🟢 Обнаружено изменение neww_tass.json
2025-05-21 20:33:51,766 - file_watcher_tass - INFO - ✅ Новость отправлена в RabbitMQ
2025-05-21 20:33:51,771 - file_watcher_tass - INFO - 🟢 Обнаружено изменение neww_tass.json
2025-05-21 20:33:51,774 - file_watcher_tass - INFO - 🟡 Новость уже была отправлена. Пропускаем.
2025-05-21 20:36:49,842 - file_watcher_tass - INFO - 🟢 Обнаружено изменение neww_tass.json
2025-05-21 20:36:49,915 - file_watcher_tass - INFO - ✅ Новость отправлена в RabbitMQ
2025-05-21 20:36:49,921 - file_watcher_tass - INFO - 🟢 Обнаружено изменение neww_tass.json
2025-05-21 20:36:49,923 - file_watcher_tass - INFO - 🟡 Новость уже была отправлена. Пропускаем.
2025-05-21 20:39:48,825 - file_watcher_tass - INFO - 🟢 Обнаружено изменение neww_tass.json
2025-05-21 20:39:48,882 - file_watcher_tass - INFO - ✅ Новость отправлена в RabbitMQ
2025-05-21 20:51:35,421 - file_watcher_tass - INFO - 🟢 Обнаружено изменение neww_tass.json
2025-05-21 20:51:35,463 - file_watcher_tass - INFO - ✅ Новость отправлена в RabbitMQ
2025-05-21 20:54:30,737 - file_watcher_tass - INFO - 🟢 Обнаружено изменение neww_tass.json
2025-05-21 20:54:30,801 - file_watcher_tass - INFO - ✅ Новость отправлена в RabbitMQ
2025-05-21 20:54:30,807 - file_watcher_tass - INFO - 🟢 Обнаружено изменение neww_tass.json
2025-05-21 20:54:30,814 - file_watcher_tass - INFO - 🟡 Новость уже была отправлена. Пропускаем.
2025-05-21 21:03:28,855 - file_watcher_tass - INFO - 🟢 Обнаружено изменение neww_tass.json
2025-05-21 21:03:28,896 - file_watcher_tass - INFO - ✅ Новость отправлена в RabbitMQ
2025-05-21 21:06:49,141 - file_watcher_tass - INFO - 🟢 Обнаружено изменение neww_tass.json
2025-05-21 21:06:49,166 - file_watcher_tass - INFO - ✅ Новость отправлена в RabbitMQ
2025-05-21 21:21:27,320 - file_watcher_tass - INFO - 🟢 Обнаружено изменение neww_tass.json
2025-05-21 21:21:27,372 - file_watcher_tass - INFO - ✅ Новость отправлена в RabbitMQ
2025-05-21 21:21:27,377 - file_watcher_tass - INFO - 🟢 Обнаружено изменение neww_tass.json
2025-05-21 21:21:27,380 - file_watcher_tass - INFO - 🟡 Новость уже была отправлена. Пропускаем.
2025-05-22 00:49:45,284 - file_watcher_tass - INFO - 👀 Слежение за neww_tass.json запущено
2025-05-22 10:36:31,031 - file_watcher_tass - INFO - 🟢 Обнаружено изменение neww_tass.json
2025-05-22 10:36:31,057 - file_watcher_tass - INFO - ✅ Новость отправлена в RabbitMQ
2025-05-22 10:36:31,059 - file_watcher_tass - INFO - 🟢 Обнаружено изменение neww_tass.json
2025-05-22 10:36:31,061 - file_watcher_tass - INFO - 🟡 Новость уже была отправлена. Пропускаем.
2025-05-22 10:45:34,576 - file_watcher_tass - INFO - 🟢 Обнаружено изменение neww_tass.json
2025-05-22 10:45:34,633 - file_watcher_tass - INFO - ✅ Новость отправлена в RabbitMQ
2025-05-22 10:45:34,639 - file_watcher_tass - INFO - 🟢 Обнаружено изменение neww_tass.json
2025-05-22 10:45:34,641 - file_watcher_tass - INFO - 🟡 Новость уже была отправлена. Пропускаем.
2025-05-22 11:01:25,168 - file_watcher_tass - INFO - 🟢 Обнаружено изменение neww_tass.json
2025-05-22 11:01:25,207 - file_watcher_tass - INFO - ✅ Новость отправлена в RabbitMQ
2025-05-22 11:01:25,212 - file_watcher_tass - INFO - 🟢 Обнаружено изменение neww_tass.json
2025-05-22 11:01:25,214 - file_watcher_tass - INFO - 🟡 Новость уже была отправлена. Пропускаем.
2025-05-22 11:04:40,383 - file_watcher_tass - INFO - 🟢 Обнаружено изменение neww_tass.json
2025-05-22 11:04:40,422 - file_watcher_tass - INFO - ✅ Новость отправлена в RabbitMQ
2025-05-22 11:04:40,427 - file_watcher_tass - INFO - 🟢 Обнаружено изменение neww_tass.json
2025-05-22 11:04:40,429 - file_watcher_tass - INFO - 🟡 Новость уже была отправлена. Пропускаем.
2025-05-22 11:07:04,999 - file_watcher_tass - INFO - 🟢 Обнаружено изменение neww_tass.json
2025-05-22 11:07:05,046 - file_watcher_tass - INFO - ✅ Новость отправлена в RabbitMQ
2025-05-22 11:07:05,053 - file_watcher_tass - INFO - 🟢 Обнаружено изменение neww_tass.json
2025-05-22 11:07:05,056 - file_watcher_tass - INFO - 🟡 Новость уже была отправлена. Пропускаем.
2025-05-22 11:07:55,275 - file_watcher_tass - INFO - 🟢 Обнаружено изменение neww_tass.json
2025-05-22 11:07:55,337 - file_watcher_tass - INFO - ✅ Новость отправлена в RabbitMQ
2025-05-22 11:07:55,343 - file_watcher_tass - INFO - 🟢 Обнаружено изменение neww_tass.json
2025-05-22 11:07:55,347 - file_watcher_tass - INFO - 🟡 Новость уже была отправлена. Пропускаем.
2025-05-22 11:12:42,122 - file_watcher_tass - INFO - 🟢 Обнаружено изменение neww_tass.json
2025-05-22 11:12:42,156 - file_watcher_tass - INFO - ✅ Новость отправлена в RabbitMQ
2025-05-22 11:12:42,162 - file_watcher_tass - INFO - 🟢 Обнаружено изменение neww_tass.json
2025-05-22 11:12:42,164 - file_watcher_tass - INFO - 🟡 Новость уже была отправлена. Пропускаем.
2025-05-22 11:15:52,275 - file_watcher_tass - INFO - 🟢 Обнаружено изменение neww_tass.json
2025-05-22 11:15:52,322 - file_watcher_tass - INFO - ✅ Новость отправлена в RabbitMQ
2025-05-22 11:15:52,328 - file_watcher_tass - INFO - 🟢 Обнаружено изменение neww_tass.json
2025-05-22 11:15:52,332 - file_watcher_tass - INFO - 🟡 Новость уже была отправлена. Пропускаем.
2025-05-22 11:19:13,723 - file_watcher_tass - INFO - 🟢 Обнаружено изменение neww_tass.json
2025-05-22 11:19:13,785 - file_watcher_tass - INFO - ✅ Новость отправлена в RabbitMQ
2025-05-22 11:19:13,790 - file_watcher_tass - INFO - 🟢 Обнаружено изменение neww_tass.json
2025-05-22 11:19:13,793 - file_watcher_tass - INFO - 🟡 Новость уже была отправлена. Пропускаем.
2025-05-22 11:27:33,876 - file_watcher_tass - INFO - 🟢 Обнаружено изменение neww_tass.json
2025-05-22 11:27:33,916 - file_watcher_tass - INFO - ✅ Новость отправлена в RabbitMQ
2025-05-22 11:27:33,921 - file_watcher_tass - INFO - 🟢 Обнаружено изменение neww_tass.json
2025-05-22 11:27:33,925 - file_watcher_tass - INFO - 🟡 Новость уже была отправлена. Пропускаем.
2025-05-22 11:36:48,934 - file_watcher_tass - INFO - 🟢 Обнаружено изменение neww_tass.json
2025-05-22 11:36:48,976 - file_watcher_tass - INFO - ✅ Новость отправлена в RabbitMQ
2025-05-22 11:36:48,983 - file_watcher_tass - INFO - 🟢 Обнаружено изменение neww_tass.json
2025-05-22 11:36:48,986 - file_watcher_tass - INFO - 🟡 Новость уже была отправлена. Пропускаем.
2025-05-22 13:21:40,457 - file_watcher_tass - INFO - 🟢 Обнаружено изменение neww_tass.json
2025-05-22 13:21:40,496 - file_watcher_tass - INFO - ✅ Новость отправлена в RabbitMQ
2025-05-22 13:26:54,157 - file_watcher_tass - INFO - 🟢 Обнаружено изменение neww_tass.json
2025-05-22 13:26:54,201 - file_watcher_tass - INFO - ✅ Новость отправлена в RabbitMQ
2025-05-22 13:26:54,206 - file_watcher_tass - INFO - 🟢 Обнаружено изменение neww_tass.json
2025-05-22 13:26:54,209 - file_watcher_tass - INFO - 🟡 Новость уже была отправлена. Пропускаем.
2025-05-22 13:30:57,377 - file_watcher_tass - INFO - 🟢 Обнаружено изменение neww_tass.json
2025-05-22 13:30:57,445 - file_watcher_tass - INFO - ✅ Новость отправлена в RabbitMQ
2025-05-22 13:30:57,451 - file_watcher_tass - INFO - 🟢 Обнаружено изменение neww_tass.json
2025-05-22 13:30:57,454 - file_watcher_tass - INFO - 🟡 Новость уже была отправлена. Пропускаем.
2025-05-22 15:43:31,561 - file_watcher_tass - INFO - 🟢 Обнаружено изменение neww_tass.json
2025-05-22 15:43:31,570 - file_watcher_tass - INFO - 🟡 Новость уже была отправлена. Пропускаем.
2025-05-22 15:43:57,865 - file_watcher_tass - INFO - 🟢 Обнаружено изменение neww_tass.json
2025-05-22 15:43:57,901 - file_watcher_tass - INFO - ✅ Новость отправлена в RabbitMQ
2025-05-22 15:43:57,904 - file_watcher_tass - INFO - 🟢 Обнаружено изменение neww_tass.json
2025-05-22 15:43:57,907 - file_watcher_tass - INFO - 🟡 Новость уже была отправлена. Пропускаем.
2025-05-22 13:02:55,641 - file_watcher_tass - INFO - 🟢 Обнаружено изменение neww_tass.json
2025-05-22 13:02:55,696 - file_watcher_tass - INFO - ✅ Новость отправлена в RabbitMQ
2025-05-22 13:06:29,721 - file_watcher_tass - INFO - 🟢 Обнаружено изменение neww_tass.json
2025-05-22 13:06:29,758 - file_watcher_tass - INFO - ✅ Новость отправлена в RabbitMQ
2025-05-22 13:06:29,765 - file_watcher_tass - INFO - 🟢 Обнаружено изменение neww_tass.json
2025-05-22 13:06:29,768 - file_watcher_tass - INFO - 🟡 Новость уже была отправлена. Пропускаем.
2025-05-22 13:07:44,382 - file_watcher_tass - INFO - 🟢 Обнаружено изменение neww_tass.json
2025-05-22 13:07:44,434 - file_watcher_tass - INFO - ✅ Новость отправлена в RabbitMQ
2025-05-22 13:07:44,441 - file_watcher_tass - INFO - 🟢 Обнаружено изменение neww_tass.json
2025-05-22 13:07:44,443 - file_watcher_tass - INFO - 🟡 Новость уже была отправлена. Пропускаем.
2025-05-22 13:08:25,317 - file_watcher_tass - INFO - 🟢 Обнаружено изменение neww_tass.json
2025-05-22 13:08:25,361 - file_watcher_tass - INFO - ✅ Новость отправлена в RabbitMQ
2025-05-22 13:08:25,365 - file_watcher_tass - INFO - 🟢 Обнаружено изменение neww_tass.json
2025-05-22 13:08:25,369 - file_watcher_tass - INFO - 🟡 Новость уже была отправлена. Пропускаем.
2025-05-22 13:09:01,923 - file_watcher_tass - INFO - 🟢 Обнаружено изменение neww_tass.json
2025-05-22 13:09:01,968 - file_watcher_tass - INFO - ✅ Новость отправлена в RabbitMQ
2025-05-22 13:09:01,974 - file_watcher_tass - INFO - 🟢 Обнаружено изменение neww_tass.json
2025-05-22 13:09:01,977 - file_watcher_tass - INFO - 🟡 Новость уже была отправлена. Пропускаем.
2025-05-22 13:10:03,577 - file_watcher_tass - INFO - 🟢 Обнаружено изменение neww_tass.json
2025-05-22 13:10:03,658 - file_watcher_tass - INFO - ✅ Новость отправлена в RabbitMQ
2025-05-22 13:10:43,958 - file_watcher_tass - INFO - 🟢 Обнаружено изменение neww_tass.json
2025-05-22 13:10:44,012 - file_watcher_tass - INFO - ✅ Новость отправлена в RabbitMQ
2025-05-22 13:10:44,017 - file_watcher_tass - INFO - 🟢 Обнаружено изменение neww_tass.json
2025-05-22 13:10:44,020 - file_watcher_tass - INFO - 🟡 Новость уже была отправлена. Пропускаем.
2025-05-22 13:11:23,094 - file_watcher_tass - INFO - 🟢 Обнаружено изменение neww_tass.json
2025-05-22 13:11:23,130 - file_watcher_tass - INFO - ✅ Новость отправлена в RabbitMQ
2025-05-22 13:11:23,136 - file_watcher_tass - INFO - 🟢 Обнаружено изменение neww_tass.json
2025-05-22 13:11:23,138 - file_watcher_tass - INFO - 🟡 Новость уже была отправлена. Пропускаем.
2025-05-22 13:11:55,874 - file_watcher_tass - INFO - 🟢 Обнаружено изменение neww_tass.json
2025-05-22 13:11:55,941 - file_watcher_tass - INFO - ✅ Новость отправлена в RabbitMQ
2025-05-22 13:11:55,947 - file_watcher_tass - INFO - 🟢 Обнаружено изменение neww_tass.json
2025-05-22 13:11:55,951 - file_watcher_tass - INFO - 🟡 Новость уже была отправлена. Пропускаем.
2025-05-22 13:15:27,892 - file_watcher_tass - INFO - 🟢 Обнаружено изменение neww_tass.json
2025-05-22 13:15:27,935 - file_watcher_tass - INFO - ✅ Новость отправлена в RabbitMQ
2025-05-22 13:45:41,565 - file_watcher_tass - INFO - 🟢 Обнаружено изменение neww_tass.json
2025-05-22 13:45:41,619 - file_watcher_tass - INFO - ✅ Новость отправлена в RabbitMQ
2025-05-22 13:45:41,625 - file_watcher_tass - INFO - 🟢 Обнаружено изменение neww_tass.json
2025-05-22 13:45:41,627 - file_watcher_tass - INFO - 🟡 Новость уже была отправлена. Пропускаем.
2025-05-22 13:48:08,878 - file_watcher_tass - INFO - 🟢 Обнаружено изменение neww_tass.json
2025-05-22 13:48:08,930 - file_watcher_tass - INFO - ✅ Новость отправлена в RabbitMQ
2025-05-22 13:48:08,938 - file_watcher_tass - INFO - 🟢 Обнаружено изменение neww_tass.json
2025-05-22 13:48:08,942 - file_watcher_tass - INFO - 🟡 Новость уже была отправлена. Пропускаем.
2025-05-22 13:48:41,622 - file_watcher_tass - INFO - 🟢 Обнаружено изменение neww_tass.json
2025-05-22 13:48:41,675 - file_watcher_tass - INFO - ✅ Новость отправлена в RabbitMQ
2025-05-22 13:48:41,680 - file_watcher_tass - INFO - 🟢 Обнаружено изменение neww_tass.json
2025-05-22 13:48:41,682 - file_watcher_tass - INFO - 🟡 Новость уже была отправлена. Пропускаем.
2025-05-22 13:49:17,188 - file_watcher_tass - INFO - 🟢 Обнаружено изменение neww_tass.json
2025-05-22 13:49:17,243 - file_watcher_tass - INFO - ✅ Новость отправлена в RabbitMQ
2025-05-22 13:49:17,250 - file_watcher_tass - INFO - 🟢 Обнаружено изменение neww_tass.json
2025-05-22 13:49:17,255 - file_watcher_tass - INFO - 🟡 Новость уже была отправлена. Пропускаем.
2025-05-22 13:57:51,889 - file_watcher_tass - INFO - 🟢 Обнаружено изменение neww_tass.json
2025-05-22 13:57:51,943 - file_watcher_tass - INFO - ✅ Новость отправлена в RabbitMQ
2025-05-22 14:00:15,862 - file_watcher_tass - INFO - 🟢 Обнаружено изменение neww_tass.json
2025-05-22 14:00:15,912 - file_watcher_tass - INFO - ✅ Новость отправлена в RabbitMQ
2025-05-22 14:03:26,605 - file_watcher_tass - INFO - 🟢 Обнаружено изменение neww_tass.json
2025-05-22 14:03:26,669 - file_watcher_tass - INFO - ✅ Новость отправлена в RabbitMQ
2025-05-22 14:03:26,675 - file_watcher_tass - INFO - 🟢 Обнаружено изменение neww_tass.json
2025-05-22 14:03:26,678 - file_watcher_tass - INFO - 🟡 Новость уже была отправлена. Пропускаем.
2025-05-22 14:09:30,194 - file_watcher_tass - INFO - 🟢 Обнаружено изменение neww_tass.json
2025-05-22 14:09:30,271 - file_watcher_tass - INFO - ✅ Новость отправлена в RabbitMQ
2025-05-22 14:09:30,280 - file_watcher_tass - INFO - 🟢 Обнаружено изменение neww_tass.json
2025-05-22 14:09:30,289 - file_watcher_tass - INFO - 🟡 Новость уже была отправлена. Пропускаем.
2025-05-22 13:54:41,077 - file_watcher_tass - INFO - 🟢 Обнаружено изменение neww_tass.json
2025-05-22 13:54:41,127 - file_watcher_tass - INFO - ✅ Новость отправлена в RabbitMQ
2025-05-22 13:55:15,339 - file_watcher_tass - INFO - 🟢 Обнаружено изменение neww_tass.json
2025-05-22 13:55:15,390 - file_watcher_tass - INFO - ✅ Новость отправлена в RabbitMQ
2025-05-22 13:55:15,395 - file_watcher_tass - INFO - 🟢 Обнаружено изменение neww_tass.json
2025-05-22 13:55:15,397 - file_watcher_tass - INFO - 🟡 Новость уже была отправлена. Пропускаем.
2025-05-22 13:55:52,656 - file_watcher_tass - INFO - 🟢 Обнаружено изменение neww_tass.json
2025-05-22 13:55:52,724 - file_watcher_tass - INFO - ✅ Новость отправлена в RabbitMQ
2025-05-22 14:03:49,925 - file_watcher_tass - INFO - 🟢 Обнаружено изменение neww_tass.json
2025-05-22 14:03:49,981 - file_watcher_tass - INFO - ✅ Новость отправлена в RabbitMQ
2025-05-22 14:03:49,987 - file_watcher_tass - INFO - 🟢 Обнаружено изменение neww_tass.json
2025-05-22 14:03:49,990 - file_watcher_tass - INFO - 🟡 Новость уже была отправлена. Пропускаем.
2025-05-22 14:06:26,818 - file_watcher_tass - INFO - 🟢 Обнаружено изменение neww_tass.json
2025-05-22 14:06:26,862 - file_watcher_tass - INFO - ✅ Новость отправлена в RabbitMQ
2025-05-22 14:06:26,867 - file_watcher_tass - INFO - 🟢 Обнаружено изменение neww_tass.json
2025-05-22 14:06:26,870 - file_watcher_tass - INFO - 🟡 Новость уже была отправлена. Пропускаем.
2025-05-22 14:16:05,436 - file_watcher_tass - INFO - 🟢 Обнаружено изменение neww_tass.json
2025-05-22 14:16:05,470 - file_watcher_tass - INFO - ✅ Новость отправлена в RabbitMQ
2025-05-22 14:16:05,475 - file_watcher_tass - INFO - 🟢 Обнаружено изменение neww_tass.json
2025-05-22 14:16:05,478 - file_watcher_tass - INFO - 🟡 Новость уже была отправлена. Пропускаем.
2025-05-22 14:22:58,399 - file_watcher_tass - INFO - 🟢 Обнаружено изменение neww_tass.json
2025-05-22 14:22:58,422 - file_watcher_tass - INFO - ✅ Новость отправлена в RabbitMQ
2025-05-22 14:25:48,115 - file_watcher_tass - INFO - 👀 Слежение за neww_tass.json запущено
2025-05-22 14:27:56,778 - file_watcher_tass - INFO - 🟢 Обнаружено изменение neww_tass.json
2025-05-22 14:27:56,815 - file_watcher_tass - INFO - ✅ Новость отправлена в RabbitMQ
2025-05-22 14:27:56,824 - file_watcher_tass - INFO - 🟢 Обнаружено изменение neww_tass.json
2025-05-22 14:27:56,828 - file_watcher_tass - INFO - 🟡 Новость уже была отправлена. Пропускаем.
2025-05-22 14:30:07,480 - file_watcher_tass - INFO - 👀 Слежение за neww_tass.json запущено
2025-05-22 14:42:58,310 - file_watcher_tass - INFO - 🟢 Обнаружено изменение neww_tass.json
2025-05-22 14:42:58,367 - file_watcher_tass - INFO - ✅ Новость отправлена в RabbitMQ
2025-05-22 14:48:37,026 - file_watcher_tass - INFO - 🟢 Обнаружено изменение neww_tass.json
2025-05-22 14:48:37,072 - file_watcher_tass - INFO - ✅ Новость отправлена в RabbitMQ
2025-05-22 14:48:37,080 - file_watcher_tass - INFO - 🟢 Обнаружено изменение neww_tass.json
2025-05-22 14:48:37,082 - file_watcher_tass - INFO - 🟡 Новость уже была отправлена. Пропускаем.
2025-05-22 14:54:29,018 - file_watcher_tass - INFO - 🟢 Обнаружено изменение neww_tass.json
2025-05-22 14:54:29,049 - file_watcher_tass - INFO - ✅ Новость отправлена в RabbitMQ
2025-05-22 14:57:56,486 - file_watcher_tass - INFO - 🟢 Обнаружено изменение neww_tass.json
2025-05-22 14:57:56,521 - file_watcher_tass - INFO - ✅ Новость отправлена в RabbitMQ
2025-05-22 14:57:56,526 - file_watcher_tass - INFO - 🟢 Обнаружено изменение neww_tass.json
2025-05-22 14:57:56,529 - file_watcher_tass - INFO - 🟡 Новость уже была отправлена. Пропускаем.
2025-05-22 14:58:27,949 - file_watcher_tass - INFO - 🟢 Обнаружено изменение neww_tass.json
2025-05-22 14:58:28,016 - file_watcher_tass - INFO - ✅ Новость отправлена в RabbitMQ
2025-05-22 14:58:55,810 - file_watcher_tass - INFO - 🟢 Обнаружено изменение neww_tass.json
2025-05-22 14:58:55,872 - file_watcher_tass - INFO - ✅ Новость отправлена в RabbitMQ
2025-05-22 14:58:55,880 - file_watcher_tass - INFO - 🟢 Обнаружено изменение neww_tass.json
2025-05-22 14:58:55,882 - file_watcher_tass - INFO - 🟡 Новость уже была отправлена. Пропускаем.
2025-05-22 15:04:11,067 - file_watcher_tass - INFO - 🟢 Обнаружено изменение neww_tass.json
2025-05-22 15:04:11,110 - file_watcher_tass - INFO - ✅ Новость отправлена в RabbitMQ
2025-05-22 15:06:54,309 - file_watcher_tass - INFO - 🟢 Обнаружено изменение neww_tass.json
2025-05-22 15:06:54,373 - file_watcher_tass - INFO - ✅ Новость отправлена в RabbitMQ
2025-05-22 15:16:32,578 - file_watcher_tass - INFO - 🟢 Обнаружено изменение neww_tass.json
2025-05-22 15:16:32,625 - file_watcher_tass - INFO - ✅ Новость отправлена в RabbitMQ
2025-05-22 15:16:32,632 - file_watcher_tass - INFO - 🟢 Обнаружено изменение neww_tass.json
2025-05-22 15:16:32,634 - file_watcher_tass - INFO - 🟡 Новость уже была отправлена. Пропускаем.
2025-05-22 15:18:40,165 - file_watcher_tass - INFO - 🟢 Обнаружено изменение neww_tass.json
2025-05-22 15:18:40,218 - file_watcher_tass - INFO - ✅ Новость отправлена в RabbitMQ
2025-05-22 15:18:40,224 - file_watcher_tass - INFO - 🟢 Обнаружено изменение neww_tass.json
2025-05-22 15:18:40,226 - file_watcher_tass - INFO - 🟡 Новость уже была отправлена. Пропускаем.
2025-05-22 15:22:26,918 - file_watcher_tass - INFO - 🟢 Обнаружено изменение neww_tass.json
2025-05-22 15:22:26,974 - file_watcher_tass - INFO - ✅ Новость отправлена в RabbitMQ
2025-05-22 15:22:26,984 - file_watcher_tass - INFO - 🟢 Обнаружено изменение neww_tass.json
2025-05-22 15:22:26,987 - file_watcher_tass - INFO - 🟡 Новость уже была отправлена. Пропускаем.
2025-05-22 15:25:11,743 - file_watcher_tass - INFO - 🟢 Обнаружено изменение neww_tass.json
2025-05-22 15:25:11,780 - file_watcher_tass - INFO - ✅ Новость отправлена в RabbitMQ
2025-05-22 15:30:46,778 - file_watcher_tass - INFO - 🟢 Обнаружено изменение neww_tass.json
2025-05-22 15:30:46,832 - file_watcher_tass - INFO - ✅ Новость отправлена в RabbitMQ
2025-05-22 15:30:46,836 - file_watcher_tass - INFO - 🟢 Обнаружено изменение neww_tass.json
2025-05-22 15:30:46,839 - file_watcher_tass - INFO - 🟡 Новость уже была отправлена. Пропускаем.
2025-05-22 15:31:23,486 - file_watcher_tass - INFO - 🟢 Обнаружено изменение neww_tass.json
2025-05-22 15:31:23,510 - file_watcher_tass - INFO - ✅ Новость отправлена в RabbitMQ
2025-05-22 15:31:23,513 - file_watcher_tass - INFO - 🟢 Обнаружено изменение neww_tass.json
2025-05-22 15:31:23,514 - file_watcher_tass - INFO - 🟡 Новость уже была отправлена. Пропускаем.
